#
# A fatal error has been detected by the Java Runtime Environment:
#
#  EXCEPTION_ACCESS_VIOLATION (0xc0000005) at pc=0x00007ffa16c6da1e, pid=4192, tid=2828
#
# JRE version: OpenJDK Runtime Environment (17.0.7+7) (build 17.0.7+7-LTS)
# Java VM: OpenJDK 64-Bit Server VM (17.0.7+7-LTS, mixed mode, sharing, tiered, compressed oops, compressed class ptrs, g1 gc, windows-amd64)
# Problematic frame:
# C  [Qt6Core.dll+0x9da1e]
#
# No core dump will be written. Minidumps are not enabled by default on client versions of Windows
#
# If you would like to submit a bug report, please visit:
#   https://bell-sw.com/support
# The crash happened outside the Java Virtual Machine in native code.
# See problematic frame for where to report the bug.
#

---------------  S U M M A R Y ------------

Command Line: -Djava.library.path=C:\Qt\6.6.0\msvc2019_64\bin -Dfile.encoding=UTF-8 -Duser.country=RU -Duser.language=ru -Duser.variant Main

Host: Intel(R) Core(TM) i5-3317U CPU @ 1.70GHz, 4 cores, 7G,  Windows 10 , 64 bit Build 18362 (10.0.18362.1110)
Time: Tue Jun 25 02:19:51 2024 Новосибирское стандартное время elapsed time: 993.268817 seconds (0d 0h 16m 33s)

---------------  T H R E A D  ---------------

Current thread (0x00000213c1b96b30):  JavaThread "main" [_thread_in_native, id=2828, stack(0x000000c828300000,0x000000c828400000)]

Stack: [0x000000c828300000,0x000000c828400000],  sp=0x000000c8283fdd50,  free space=1015k
Native frames: (J=compiled Java code, j=interpreted, Vv=VM code, C=native code)
C  [Qt6Core.dll+0x9da1e]

Java frames: (J=compiled Java code, j=interpreted, Vv=VM code)
j  io.qt.core.QCoreApplication.sendPostedEvents_native_QObject_ptr_int(JI)V+0
j  io.qt.core.QCoreApplication.sendPostedEvents(Lio/qt/core/QObject;I)V+10
j  io.qt.core.QCoreApplication.shutdown()V+498
j  io.qt.widgets.QApplication.shutdown()V+0
j  Main.main([Ljava/lang/String;)V+34
v  ~StubRoutines::call_stub

siginfo: EXCEPTION_ACCESS_VIOLATION (0xc0000005), reading address 0xffffffffffffffff


Register to memory mapping:

RIP=0x00007ffa16c6da1e Qt6Core.dll
RAX=0x0000b8af764f9a8c is an unknown value
RBX=0x8800c30086aba477 is an unknown value
RCX=0x00000213e611e290 points into unknown readable memory: 0x00007ffa16f7e9b0 | b0 e9 f7 16 fa 7f 00 00
RDX=0x0 is NULL
RSP=0x000000c8283fdd50 is pointing into the stack for thread: 0x00000213c1b96b30
RBP=0x000000c8283fde50 is pointing into the stack for thread: 0x00000213c1b96b30
RSI=0x00000213e61305d0 points into unknown readable memory: 0x005c003f003f005c | 5c 00 3f 00 3f 00 5c 00
RDI=0x8800c30086aba41f is an unknown value
R8 =0x0000000000000080 is an unknown value
R9 =0x00000213e5365af8 points into unknown readable memory: 0xffffffffffffffff | ff ff ff ff ff ff ff ff
R10=0x0 is NULL
R11=0x0000000000000010 is an unknown value
R12=0x00000213e611e290 points into unknown readable memory: 0x00007ffa16f7e9b0 | b0 e9 f7 16 fa 7f 00 00
R13=0x0 is NULL
R14=0x00000213e0c7b320 points into unknown readable memory: 0x0000000000000000 | 00 00 00 00 00 00 00 00
R15=0x0000000000000001 is an unknown value


Registers:
RAX=0x0000b8af764f9a8c, RBX=0x8800c30086aba477, RCX=0x00000213e611e290, RDX=0x0000000000000000
RSP=0x000000c8283fdd50, RBP=0x000000c8283fde50, RSI=0x00000213e61305d0, RDI=0x8800c30086aba41f
R8 =0x0000000000000080, R9 =0x00000213e5365af8, R10=0x0000000000000000, R11=0x0000000000000010
R12=0x00000213e611e290, R13=0x0000000000000000, R14=0x00000213e0c7b320, R15=0x0000000000000001
RIP=0x00007ffa16c6da1e, EFLAGS=0x0000000000010282

Top of Stack: (sp=0x000000c8283fdd50)
0x000000c8283fdd50:   00000213c1b96b30 00007ffa3c1f754d
0x000000c8283fdd60:   00000213e51a6f30 00000213c1b96b30
0x000000c8283fdd70:   0000000000000001 0000000000000000
0x000000c8283fdd80:   000000c8283fdec8 00007ffa3c1f7edb
0x000000c8283fdd90:   00000213c1b97408 0000000000000000
0x000000c8283fdda0:   0000021300000003 0000000000000000
0x000000c8283fddb0:   0000000000000000 00000213e611e290
0x000000c8283fddc0:   00000213c1b97408 000000c8283fed40
0x000000c8283fddd0:   00000213c1b96b30 0000000000000000
0x000000c8283fdde0:   0000000000000000 0000000000000000
0x000000c8283fddf0:   00000213c1b96b30 00007ffa3c0b26f5
0x000000c8283fde00:   0000b8af764f9e3c 00000213c1b96b30
0x000000c8283fde10:   00000213e6b7d7d0 00007ffa16c7461c
0x000000c8283fde20:   000000c8283fe830 00000213e6b7d7d0
0x000000c8283fde30:   0000000000000000 000000c8283fe830
0x000000c8283fde40:   0000000000000000 00007ffa142311b3 

Instructions: (pc=0x00007ffa16c6da1e)
0x00007ffa16c6d91e:   48 8b 4b 08 48 85 c9 74 0f 48 8b 11 48 8b 02 41
0x00007ffa16c6d92e:   8b d6 ff 15 c2 b3 2f 00 48 89 6b 08 48 8b 5c 24
0x00007ffa16c6d93e:   48 49 8b c6 4c 8b 74 24 20 f0 48 0f b1 2f 48 8b
0x00007ffa16c6d94e:   6c 24 50 74 08 48 8b cf e8 45 c9 18 00 48 8b 7c
0x00007ffa16c6d95e:   24 28 48 83 c4 30 5e c3 cc cc cc cc cc cc cc cc
0x00007ffa16c6d96e:   cc cc 48 89 5c 24 10 48 89 74 24 18 48 89 7c 24
0x00007ffa16c6d97e:   20 55 41 54 41 55 41 56 41 57 48 8d ac 24 40 f8
0x00007ffa16c6d98e:   ff ff 48 81 ec c0 08 00 00 48 8b 05 8a 4e 4e 00
0x00007ffa16c6d99e:   48 33 c4 48 89 85 b0 07 00 00 89 54 24 48 4c 8b
0x00007ffa16c6d9ae:   e1 48 89 4c 24 68 45 33 ed 4c 89 6d 88 44 88 6d
0x00007ffa16c6d9be:   90 48 85 c9 75 40 b1 01 e8 85 ac 18 00 48 89 45
0x00007ffa16c6d9ce:   80 48 8d 58 58 48 8b 03 45 8d 7c 24 01 48 85 c0
0x00007ffa16c6d9de:   75 07 f0 4c 0f b1 3b 74 08 48 8b cb e8 81 c4 18
0x00007ffa16c6d9ee:   00 48 8b 45 80 48 89 44 24 28 48 89 5c 24 30 44
0x00007ffa16c6d9fe:   88 7c 24 38 eb 6e 48 8b 71 08 41 bf 01 00 00 00
0x00007ffa16c6da0e:   66 90 48 8b 7e 58 90 48 85 ff 74 4a 48 8d 5f 58
0x00007ffa16c6da1e:   48 8b 03 48 85 c0 75 07 f0 4c 0f b1 3b 74 08 48
0x00007ffa16c6da2e:   8b cb e8 3b c4 18 00 48 8b 46 58 90 48 3b f8 74
0x00007ffa16c6da3e:   14 49 8b c7 f0 4c 0f b1 2b 74 c7 48 8b cb e8 4f
0x00007ffa16c6da4e:   c8 18 00 eb bd 48 89 7c 24 28 48 89 5c 24 30 44
0x00007ffa16c6da5e:   88 7c 24 38 eb 0e 0f 57 c0 f3 0f 7f 44 24 28 c6
0x00007ffa16c6da6e:   44 24 38 00 4d 85 e4 74 1d 49 8b 44 24 08 8b 40
0x00007ffa16c6da7e:   34 90 85 c0 75 10 44 0f b6 74 24 38 48 8b 74 24
0x00007ffa16c6da8e:   30 e9 5a 03 00 00 66 0f 6f 05 c4 65 31 00 f3 0f
0x00007ffa16c6da9e:   7f 45 98 48 8d 45 b0 48 89 45 a8 48 8b 44 24 28
0x00007ffa16c6daae:   4c 8b 40 38 4c 89 44 24 50 4d 8b f5 4c 89 6c 24
0x00007ffa16c6dabe:   58 4d 85 c0 0f 8e 24 02 00 00 48 83 c0 30 48 89
0x00007ffa16c6dace:   44 24 20 45 33 ff 4c 89 7c 24 60 33 c9 48 89 4c
0x00007ffa16c6dade:   24 40 48 8b 30 49 03 f7 4d 85 e4 74 09 4c 39 26
0x00007ffa16c6daee:   0f 85 30 01 00 00 48 8b 46 08 48 85 c0 0f 84 23
0x00007ffa16c6dafe:   01 00 00 8b 54 24 48 85 d2 74 0c 0f b7 40 08 3b
0x00007ffa16c6db0e:   c2 0f 85 0f 01 00 00 48 8b 06 48 8b 48 08 b8 ff 


Stack slot to memory mapping:
stack at sp + 0 slots: 0x00000213c1b96b30 is a thread
stack at sp + 1 slots: 0x00007ffa3c1f754d jvm.dll
stack at sp + 2 slots: 0x00000213e51a6f30 points into unknown readable memory: 0x0000000000000009 | 09 00 00 00 00 00 00 00
stack at sp + 3 slots: 0x00000213c1b96b30 is a thread
stack at sp + 4 slots: 0x0000000000000001 is an unknown value
stack at sp + 5 slots: 0x0 is NULL
stack at sp + 6 slots: 0x000000c8283fdec8 is pointing into the stack for thread: 0x00000213c1b96b30
stack at sp + 7 slots: 0x00007ffa3c1f7edb jvm.dll


---------------  P R O C E S S  ---------------

Threads class SMR info:
_java_thread_list=0x00000213e60fc4a0, length=15, elements={
0x00000213c1b96b30, 0x00000213e09d95c0, 0x00000213e09da340, 0x00000213e09e7c10,
0x00000213e09eb5f0, 0x00000213e09ebeb0, 0x00000213e09ec770, 0x00000213e09f1370,
0x00000213e09f3c80, 0x00000213e0a5e070, 0x00000213e0c52e90, 0x00000213e0c56ce0,
0x00000213e516c110, 0x00000213e55ee570, 0x00000213e55ebef0
}

Java Threads: ( => current thread )
=>0x00000213c1b96b30 JavaThread "main" [_thread_in_native, id=2828, stack(0x000000c828300000,0x000000c828400000)]
  0x00000213e09d95c0 JavaThread "Reference Handler" daemon [_thread_blocked, id=4800, stack(0x000000c828b00000,0x000000c828c00000)]
  0x00000213e09da340 JavaThread "Finalizer" daemon [_thread_blocked, id=2948, stack(0x000000c828c00000,0x000000c828d00000)]
  0x00000213e09e7c10 JavaThread "Signal Dispatcher" daemon [_thread_blocked, id=8732, stack(0x000000c828d00000,0x000000c828e00000)]
  0x00000213e09eb5f0 JavaThread "Attach Listener" daemon [_thread_blocked, id=1324, stack(0x000000c828e00000,0x000000c828f00000)]
  0x00000213e09ebeb0 JavaThread "Service Thread" daemon [_thread_blocked, id=2648, stack(0x000000c828f00000,0x000000c829000000)]
  0x00000213e09ec770 JavaThread "Monitor Deflation Thread" daemon [_thread_blocked, id=8940, stack(0x000000c829000000,0x000000c829100000)]
  0x00000213e09f1370 JavaThread "C2 CompilerThread0" daemon [_thread_blocked, id=8512, stack(0x000000c829100000,0x000000c829200000)]
  0x00000213e09f3c80 JavaThread "C1 CompilerThread0" daemon [_thread_blocked, id=8028, stack(0x000000c829200000,0x000000c829300000)]
  0x00000213e0a5e070 JavaThread "Sweeper thread" daemon [_thread_blocked, id=4056, stack(0x000000c829300000,0x000000c829400000)]
  0x00000213e0c52e90 JavaThread "Notification Thread" daemon [_thread_blocked, id=7448, stack(0x000000c829400000,0x000000c829500000)]
  0x00000213e0c56ce0 JavaThread "Common-Cleaner" daemon [_thread_blocked, id=4664, stack(0x000000c829600000,0x000000c829700000)]
  0x00000213e516c110 JavaThread "QtJambiCleanupThread" daemon [_thread_blocked, id=3988, stack(0x000000c829700000,0x000000c829800000)]
  0x00000213e55ee570 JavaThread "Okio Watchdog" daemon [_thread_blocked, id=5504, stack(0x000000c82a300000,0x000000c82a400000)]
  0x00000213e55ebef0 JavaThread "PostgreSQL-JDBC-Cleaner" daemon [_thread_blocked, id=4748, stack(0x000000c828200000,0x000000c828300000)]

Other Threads:
  0x00000213e09d15c0 VMThread "VM Thread" [stack: 0x000000c828a00000,0x000000c828b00000] [id=1228]
  0x00000213e09beaf0 WatcherThread [stack: 0x000000c829500000,0x000000c829600000] [id=7924]
  0x00000213c1bf2310 GCTaskThread "GC Thread#0" [stack: 0x000000c828500000,0x000000c828600000] [id=1092]
  0x00000213e5480080 GCTaskThread "GC Thread#1" [stack: 0x000000c829800000,0x000000c829900000] [id=5804]
  0x00000213e5440ce0 GCTaskThread "GC Thread#2" [stack: 0x000000c829900000,0x000000c829a00000] [id=1496]
  0x00000213e0ee3050 GCTaskThread "GC Thread#3" [stack: 0x000000c829a00000,0x000000c829b00000] [id=4740]
  0x00000213c1c02de0 ConcurrentGCThread "G1 Main Marker" [stack: 0x000000c828600000,0x000000c828700000] [id=3128]
  0x00000213c1c03700 ConcurrentGCThread "G1 Conc#0" [stack: 0x000000c828700000,0x000000c828800000] [id=7844]
  0x00000213e08904a0 ConcurrentGCThread "G1 Refine#0" [stack: 0x000000c828800000,0x000000c828900000] [id=1964]
  0x00000213e0890dd0 ConcurrentGCThread "G1 Service" [stack: 0x000000c828900000,0x000000c828a00000] [id=8628]

Threads with active compile tasks:

VM state: not at safepoint (normal execution)

VM Mutex/Monitor currently owned by a thread: None

Heap address: 0x0000000081c00000, size: 2020 MB, Compressed Oops mode: 32-bit

CDS archive(s) mapped at: [0x0000000800000000-0x0000000800bd0000-0x0000000800bd0000), size 12386304, SharedBaseAddress: 0x0000000800000000, ArchiveRelocationMode: 0.
Compressed class space mapped at: 0x0000000801000000-0x0000000841000000, reserved size: 1073741824
Narrow klass base: 0x0000000800000000, Narrow klass shift: 0, Narrow klass range: 0x100000000

GC Precious Log:
 CPUs: 4 total, 4 available
 Memory: 8077M
 Large Page Support: Disabled
 NUMA Support: Disabled
 Compressed Oops: Enabled (32-bit)
 Heap Region Size: 1M
 Heap Min Capacity: 8M
 Heap Initial Capacity: 128M
 Heap Max Capacity: 2020M
 Pre-touch: Disabled
 Parallel Workers: 4
 Concurrent Workers: 1
 Concurrent Refinement Workers: 4
 Periodic GC: Disabled

Heap:
 garbage-first heap   total 30720K, used 7933K [0x0000000081c00000, 0x0000000100000000)
  region size 1024K, 1 young (1024K), 0 survivors (0K)
 Metaspace       used 19566K, committed 19776K, reserved 1114112K
  class space    used 1826K, committed 1920K, reserved 1048576K

Heap Regions: E=young(eden), S=young(survivor), O=old, HS=humongous(starts), HC=humongous(continues), CS=collection set, F=free, OA=open archive, CA=closed archive, TAMS=top-at-mark-start (previous, next)
|   0|0x0000000081c00000, 0x0000000081cffff8, 0x0000000081d00000| 99%| O|  |TAMS 0x0000000081c00000, 0x0000000081c00000| Untracked 
|   1|0x0000000081d00000, 0x0000000081dffe28, 0x0000000081e00000| 99%| O|  |TAMS 0x0000000081dffe28, 0x0000000081d00000| Untracked 
|   2|0x0000000081e00000, 0x0000000081efffe0, 0x0000000081f00000| 99%| O|  |TAMS 0x0000000081efffe0, 0x0000000081e00000| Untracked 
|   3|0x0000000081f00000, 0x0000000081fffff0, 0x0000000082000000| 99%| O|  |TAMS 0x0000000081f00000, 0x0000000081f00000| Untracked 
|   4|0x0000000082000000, 0x0000000082100000, 0x0000000082100000|100%| O|  |TAMS 0x0000000082000000, 0x0000000082000000| Untracked 
|   5|0x0000000082100000, 0x000000008217aa40, 0x0000000082200000| 47%| O|  |TAMS 0x0000000082100000, 0x0000000082100000| Untracked 
|   6|0x0000000082200000, 0x0000000082200000, 0x0000000082300000|  0%| F|  |TAMS 0x0000000082200000, 0x0000000082200000| Untracked 
|   7|0x0000000082300000, 0x0000000082300000, 0x0000000082400000|  0%| F|  |TAMS 0x0000000082300000, 0x0000000082300000| Untracked 
|   8|0x0000000082400000, 0x00000000824fffe0, 0x0000000082500000| 99%| O|  |TAMS 0x0000000082400000, 0x0000000082400000| Untracked 
|   9|0x0000000082500000, 0x0000000082544f88, 0x0000000082600000| 26%| O|  |TAMS 0x0000000082500000, 0x0000000082500000| Untracked 
|  10|0x0000000082600000, 0x0000000082600000, 0x0000000082700000|  0%| F|  |TAMS 0x0000000082600000, 0x0000000082600000| Untracked 
|  11|0x0000000082700000, 0x0000000082700000, 0x0000000082800000|  0%| F|  |TAMS 0x0000000082700000, 0x0000000082700000| Untracked 
|  12|0x0000000082800000, 0x0000000082800000, 0x0000000082900000|  0%| F|  |TAMS 0x0000000082800000, 0x0000000082800000| Untracked 
|  13|0x0000000082900000, 0x0000000082900000, 0x0000000082a00000|  0%| F|  |TAMS 0x0000000082900000, 0x0000000082900000| Untracked 
|  14|0x0000000082a00000, 0x0000000082a00000, 0x0000000082b00000|  0%| F|  |TAMS 0x0000000082a00000, 0x0000000082a00000| Untracked 
|  15|0x0000000082b00000, 0x0000000082b00000, 0x0000000082c00000|  0%| F|  |TAMS 0x0000000082b00000, 0x0000000082b00000| Untracked 
|  16|0x0000000082c00000, 0x0000000082c00000, 0x0000000082d00000|  0%| F|  |TAMS 0x0000000082c00000, 0x0000000082c00000| Untracked 
|  17|0x0000000082d00000, 0x0000000082d00000, 0x0000000082e00000|  0%| F|  |TAMS 0x0000000082d00000, 0x0000000082d00000| Untracked 
|  18|0x0000000082e00000, 0x0000000082e00000, 0x0000000082f00000|  0%| F|  |TAMS 0x0000000082e00000, 0x0000000082e00000| Untracked 
|  19|0x0000000082f00000, 0x0000000082f00000, 0x0000000083000000|  0%| F|  |TAMS 0x0000000082f00000, 0x0000000082f00000| Untracked 
|  20|0x0000000083000000, 0x0000000083000000, 0x0000000083100000|  0%| F|  |TAMS 0x0000000083000000, 0x0000000083000000| Untracked 
|  21|0x0000000083100000, 0x0000000083100000, 0x0000000083200000|  0%| F|  |TAMS 0x0000000083100000, 0x0000000083100000| Untracked 
|  22|0x0000000083200000, 0x0000000083200000, 0x0000000083300000|  0%| F|  |TAMS 0x0000000083200000, 0x0000000083200000| Untracked 
|  23|0x0000000083300000, 0x0000000083300000, 0x0000000083400000|  0%| F|  |TAMS 0x0000000083300000, 0x0000000083300000| Untracked 
|  24|0x0000000083400000, 0x0000000083400000, 0x0000000083500000|  0%| F|  |TAMS 0x0000000083400000, 0x0000000083400000| Untracked 
|  25|0x0000000083500000, 0x0000000083500000, 0x0000000083600000|  0%| F|  |TAMS 0x0000000083500000, 0x0000000083500000| Untracked 
|  26|0x0000000083600000, 0x0000000083600000, 0x0000000083700000|  0%| F|  |TAMS 0x0000000083600000, 0x0000000083600000| Untracked 
|  77|0x0000000086900000, 0x0000000086900000, 0x0000000086a00000|  0%| F|  |TAMS 0x0000000086900000, 0x0000000086900000| Untracked 
|  79|0x0000000086b00000, 0x0000000086b1c298, 0x0000000086c00000| 11%| E|  |TAMS 0x0000000086b00000, 0x0000000086b00000| Complete 
| 108|0x0000000088800000, 0x0000000088900000, 0x0000000088900000|100%| O|  |TAMS 0x0000000088900000, 0x0000000088800000| Untracked 

Card table byte_map: [0x00000213d9e20000,0x00000213da220000] _byte_map_base: 0x00000213d9a12000

Marking Bits (Prev, Next): (CMBitMap*) 0x00000213c1bf2830, (CMBitMap*) 0x00000213c1bf2870
 Prev Bits: [0x00000213da620000, 0x00000213dc5b0000)
 Next Bits: [0x00000213dc5b0000, 0x00000213de540000)

Polling page: 0x00000213bfa50000

Metaspace:

Usage:
  Non-class:     17.32 MB used.
      Class:      1.78 MB used.
       Both:     19.11 MB used.

Virtual space:
  Non-class space:       64.00 MB reserved,      17.44 MB ( 27%) committed,  1 nodes.
      Class space:        1.00 GB reserved,       1.88 MB ( <1%) committed,  1 nodes.
             Both:        1.06 GB reserved,      19.31 MB (  2%) committed. 

Chunk freelists:
   Non-Class:  13.94 MB
       Class:  13.95 MB
        Both:  27.89 MB

MaxMetaspaceSize: unlimited
CompressedClassSpaceSize: 1.00 GB
Initial GC threshold: 21.00 MB
Current GC threshold: 32.13 MB
CDS: on
MetaspaceReclaimPolicy: balanced
 - commit_granule_bytes: 65536.
 - commit_granule_words: 8192.
 - virtual_space_node_default_size: 8388608.
 - enlarge_chunks_in_place: 1.
 - new_chunks_are_fully_committed: 0.
 - uncommit_free_chunks: 1.
 - use_allocation_guard: 0.
 - handle_deallocations: 1.


Internal statistics:

num_allocs_failed_limit: 0.
num_arena_births: 252.
num_arena_deaths: 0.
num_vsnodes_births: 2.
num_vsnodes_deaths: 0.
num_space_committed: 309.
num_space_uncommitted: 0.
num_chunks_returned_to_freelist: 0.
num_chunks_taken_from_freelist: 789.
num_chunk_merges: 0.
num_chunk_splits: 519.
num_chunks_enlarged: 356.
num_inconsistent_stats: 0.

CodeHeap 'non-profiled nmethods': size=120000Kb used=954Kb max_used=954Kb free=119045Kb
 bounds [0x00000213d24f0000, 0x00000213d2760000, 0x00000213d9a20000]
CodeHeap 'profiled nmethods': size=120000Kb used=5087Kb max_used=5087Kb free=114912Kb
 bounds [0x00000213caa20000, 0x00000213caf20000, 0x00000213d1f50000]
CodeHeap 'non-nmethods': size=5760Kb used=1265Kb max_used=1282Kb free=4494Kb
 bounds [0x00000213d1f50000, 0x00000213d21c0000, 0x00000213d24f0000]
 total_blobs=3300 nmethods=2715 adapters=497
 compilation: enabled
              stopped_count=0, restarted_count=0
 full_count=0

Compilation events (20 events):
Event: 993.106 Thread 0x00000213e09f3c80 2707   !   3       java.util.concurrent.ConcurrentHashMap::replaceNode (437 bytes)
Event: 993.110 Thread 0x00000213e09f3c80 nmethod 2707 0x00000213caf12110 code [0x00000213caf12460, 0x00000213caf13d58]
Event: 993.110 Thread 0x00000213e09f3c80 2708       3       java.util.concurrent.ConcurrentHashMap::remove (8 bytes)
Event: 993.111 Thread 0x00000213e09f3c80 nmethod 2708 0x00000213caf14a90 code [0x00000213caf14c40, 0x00000213caf14d88]
Event: 993.111 Thread 0x00000213e09f3c80 2709       3       java.lang.invoke.MethodHandleNatives::linkCallSite (66 bytes)
Event: 993.111 Thread 0x00000213e09f3c80 nmethod 2709 0x00000213caf14e10 code [0x00000213caf14fe0, 0x00000213caf15528]
Event: 993.130 Thread 0x00000213e09f3c80 2710       3       io.qt.internal.NativeUtility::findInterfaceLink (7 bytes)
Event: 993.131 Thread 0x00000213e09f3c80 nmethod 2710 0x00000213caf15710 code [0x00000213caf158a0, 0x00000213caf159c8]
Event: 993.173 Thread 0x00000213e09f3c80 2711       3       java.util.HashMap::removeNode (291 bytes)
Event: 993.175 Thread 0x00000213e09f3c80 nmethod 2711 0x00000213caf15a90 code [0x00000213caf15d20, 0x00000213caf17058]
Event: 993.175 Thread 0x00000213e09f3c80 2712  s    3       io.qt.internal.NativeUtility$NativeLink::hashCode (26 bytes)
Event: 993.175 Thread 0x00000213e09f3c80 nmethod 2712 0x00000213caf17510 code [0x00000213caf176a0, 0x00000213caf17878]
Event: 993.242 Thread 0x00000213e09f3c80 2713       3       java.lang.invoke.MethodHandleNatives$CallSiteContext::run (5 bytes)
Event: 993.242 Thread 0x00000213e09f3c80 nmethod 2713 0x00000213caf17910 code [0x00000213caf17aa0, 0x00000213caf17bc8]
Event: 993.244 Thread 0x00000213e09f3c80 2715       3       java.util.concurrent.locks.ReentrantReadWriteLock$Sync::exclusiveCount (5 bytes)
Event: 993.244 Thread 0x00000213e09f3c80 nmethod 2715 0x00000213caf17c90 code [0x00000213caf17e20, 0x00000213caf17f18]
Event: 993.245 Thread 0x00000213e09f3c80 2716       1       java.util.concurrent.locks.ReentrantReadWriteLock$NonfairSync::writerShouldBlock (2 bytes)
Event: 993.246 Thread 0x00000213e09f3c80 nmethod 2716 0x00000213d25de290 code [0x00000213d25de420, 0x00000213d25de4f8]
Event: 993.246 Thread 0x00000213e09f3c80 2717       1       java.util.concurrent.locks.ReentrantReadWriteLock::readLock (5 bytes)
Event: 993.246 Thread 0x00000213e09f3c80 nmethod 2717 0x00000213d25de590 code [0x00000213d25de720, 0x00000213d25de7f8]

GC Heap History (8 events):
Event: 2.748 GC heap before
{Heap before GC invocations=0 (full 0):
 garbage-first heap   total 131072K, used 12288K [0x0000000081c00000, 0x0000000100000000)
  region size 1024K, 13 young (13312K), 0 survivors (0K)
 Metaspace       used 4839K, committed 5056K, reserved 1114112K
  class space    used 428K, committed 512K, reserved 1048576K
}
Event: 2.772 GC heap after
{Heap after GC invocations=1 (full 0):
 garbage-first heap   total 131072K, used 1983K [0x0000000081c00000, 0x0000000100000000)
  region size 1024K, 2 young (2048K), 2 survivors (2048K)
 Metaspace       used 4839K, committed 5056K, reserved 1114112K
  class space    used 428K, committed 512K, reserved 1048576K
}
Event: 12.258 GC heap before
{Heap before GC invocations=1 (full 0):
 garbage-first heap   total 131072K, used 18367K [0x0000000081c00000, 0x0000000100000000)
  region size 1024K, 19 young (19456K), 2 survivors (2048K)
 Metaspace       used 10622K, committed 10816K, reserved 1114112K
  class space    used 949K, committed 1024K, reserved 1048576K
}
Event: 12.266 GC heap after
{Heap after GC invocations=2 (full 0):
 garbage-first heap   total 131072K, used 3874K [0x0000000081c00000, 0x0000000100000000)
  region size 1024K, 2 young (2048K), 2 survivors (2048K)
 Metaspace       used 10622K, committed 10816K, reserved 1114112K
  class space    used 949K, committed 1024K, reserved 1048576K
}
Event: 992.981 GC heap before
{Heap before GC invocations=2 (full 0):
 garbage-first heap   total 131072K, used 43810K [0x0000000081c00000, 0x0000000100000000)
  region size 1024K, 42 young (43008K), 2 survivors (2048K)
 Metaspace       used 19483K, committed 19712K, reserved 1114112K
  class space    used 1818K, committed 1920K, reserved 1048576K
}
Event: 993.041 GC heap after
{Heap after GC invocations=3 (full 1):
 garbage-first heap   total 30720K, used 8597K [0x0000000081c00000, 0x0000000100000000)
  region size 1024K, 0 young (0K), 0 survivors (0K)
 Metaspace       used 19483K, committed 19712K, reserved 1114112K
  class space    used 1818K, committed 1920K, reserved 1048576K
}
Event: 993.199 GC heap before
{Heap before GC invocations=3 (full 1):
 garbage-first heap   total 30720K, used 8597K [0x0000000081c00000, 0x0000000100000000)
  region size 1024K, 1 young (1024K), 0 survivors (0K)
 Metaspace       used 19566K, committed 19776K, reserved 1114112K
  class space    used 1826K, committed 1920K, reserved 1048576K
}
Event: 993.241 GC heap after
{Heap after GC invocations=4 (full 2):
 garbage-first heap   total 30720K, used 7933K [0x0000000081c00000, 0x0000000100000000)
  region size 1024K, 0 young (0K), 0 survivors (0K)
 Metaspace       used 19566K, committed 19776K, reserved 1114112K
  class space    used 1826K, committed 1920K, reserved 1048576K
}

Dll operation events (17 events):
Event: 0.020 Loaded shared library C:\Users\its\.jdks\liberica-17.0.7\bin\java.dll
Event: 0.042 Loaded shared library C:\Users\its\.jdks\liberica-17.0.7\bin\jsvml.dll
Event: 0.303 Loaded shared library C:\Users\its\.jdks\liberica-17.0.7\bin\net.dll
Event: 0.309 Loaded shared library C:\Users\its\.jdks\liberica-17.0.7\bin\nio.dll
Event: 0.347 Loaded shared library C:\Users\its\.jdks\liberica-17.0.7\bin\zip.dll
Event: 0.732 Loaded shared library C:\Users\its\.jdks\liberica-17.0.7\bin\jimage.dll
Event: 0.775 Loaded shared library C:\Users\its\.jdks\liberica-17.0.7\bin\prefs.dll
Event: 1.124 Loaded shared library C:\Windows\System32\icuuc.dll
Event: 1.142 Loaded shared library C:\Qt\6.6.0\msvc2019_64\bin\Qt6Core.dll
Event: 1.940 Loaded shared library C:\Users\its\AppData\Local\Temp\QtJambi6.6.0_4192\bin\QtJambi6.dll
Event: 2.564 Loaded shared library C:\Users\its\AppData\Local\Temp\QtJambi6.6.0_4192\bin\QtJambiCore6.dll
Event: 2.938 Loaded shared library C:\Qt\6.6.0\msvc2019_64\bin\Qt6Gui.dll
Event: 3.204 Loaded shared library C:\Users\its\AppData\Local\Temp\QtJambi6.6.0_4192\bin\QtJambiGui6.dll
Event: 3.234 Loaded shared library C:\Qt\6.6.0\msvc2019_64\bin\Qt6Widgets.dll
Event: 3.558 Loaded shared library C:\Users\its\AppData\Local\Temp\QtJambi6.6.0_4192\bin\QtJambiWidgets6.dll
Event: 15.600 Loaded shared library C:\Users\its\.jdks\liberica-17.0.7\bin\management.dll
Event: 15.604 Loaded shared library C:\Users\its\.jdks\liberica-17.0.7\bin\management_ext.dll

Deoptimization events (20 events):
Event: 15.614 Thread 0x00000213c1b96b30 DEOPT PACKING pc=0x00000213d25701a4 sp=0x000000c8283f96f0
Event: 15.614 Thread 0x00000213c1b96b30 DEOPT UNPACKING pc=0x00000213d1fa69a3 sp=0x000000c8283f96b8 mode 2
Event: 15.643 Thread 0x00000213c1b96b30 Uncommon trap: trap_request=0xffffff45 fr.pc=0x00000213d25308cc relative=0x000000000000022c
Event: 15.643 Thread 0x00000213c1b96b30 Uncommon trap: reason=unstable_if action=reinterpret pc=0x00000213d25308cc method=java.lang.StringLatin1.lastIndexOf([BI[BII)I @ 86 c2
Event: 15.643 Thread 0x00000213c1b96b30 DEOPT PACKING pc=0x00000213d25308cc sp=0x000000c8283f8e60
Event: 15.643 Thread 0x00000213c1b96b30 DEOPT UNPACKING pc=0x00000213d1fa69a3 sp=0x000000c8283f8c50 mode 2
Event: 15.649 Thread 0x00000213c1b96b30 Uncommon trap: trap_request=0xffffff45 fr.pc=0x00000213d257da60 relative=0x00000000000000c0
Event: 15.649 Thread 0x00000213c1b96b30 Uncommon trap: reason=unstable_if action=reinterpret pc=0x00000213d257da60 method=java.lang.CharacterDataLatin1.digit(II)I @ 7 c2
Event: 15.649 Thread 0x00000213c1b96b30 DEOPT PACKING pc=0x00000213d257da60 sp=0x000000c8283f95e0
Event: 15.649 Thread 0x00000213c1b96b30 DEOPT UNPACKING pc=0x00000213d1fa69a3 sp=0x000000c8283f94a0 mode 2
Event: 15.649 Thread 0x00000213c1b96b30 Uncommon trap: trap_request=0xffffff45 fr.pc=0x00000213d2561f34 relative=0x0000000000000094
Event: 15.649 Thread 0x00000213c1b96b30 Uncommon trap: reason=unstable_if action=reinterpret pc=0x00000213d2561f34 method=java.lang.CharacterDataLatin1.digit(II)I @ 7 c2
Event: 15.649 Thread 0x00000213c1b96b30 DEOPT PACKING pc=0x00000213d2561f34 sp=0x000000c8283f9530
Event: 15.649 Thread 0x00000213c1b96b30 DEOPT UNPACKING pc=0x00000213d1fa69a3 sp=0x000000c8283f94b0 mode 2
Event: 15.733 Thread 0x00000213c1b96b30 Uncommon trap: trap_request=0xffffff45 fr.pc=0x00000213d255ea74 relative=0x0000000000000074
Event: 15.733 Thread 0x00000213c1b96b30 Uncommon trap: reason=unstable_if action=reinterpret pc=0x00000213d255ea74 method=jdk.internal.misc.Unsafe.convEndian(ZI)I @ 4 c2
Event: 15.733 Thread 0x00000213c1b96b30 DEOPT PACKING pc=0x00000213d255ea74 sp=0x000000c8283f9e30
Event: 15.733 Thread 0x00000213c1b96b30 DEOPT UNPACKING pc=0x00000213d1fa69a3 sp=0x000000c8283f9d38 mode 2
Event: 148.098 Thread 0x00000213c1b96b30 DEOPT PACKING pc=0x00000213cae3034b sp=0x000000c8283fa490
Event: 148.098 Thread 0x00000213c1b96b30 DEOPT UNPACKING pc=0x00000213d1fa7143 sp=0x000000c8283f9940 mode 0

Classes unloaded (0 events):
No events

Classes redefined (0 events):
No events

Internal exceptions (20 events):
Event: 12.594 Thread 0x00000213c1b96b30 Exception <a 'java/lang/NoSuchMethodError'{0x00000000894f5b20}: 'java.lang.Object java.lang.invoke.DirectMethodHandle$Holder.invokeStaticInit(java.lang.Object, java.lang.Object, int, int, int, int)'> (0x00000000894f5b20) 
thrown [s\src\hotspot\share\interpreter\linkResolver.cpp, line 759]
Event: 13.006 Thread 0x00000213c1b96b30 Exception <a 'java/lang/NoSuchMethodError'{0x0000000088f2f0f8}: Lapp/api/data/responses/UserOrganization;.<init>()V> (0x0000000088f2f0f8) 
thrown [s\src\hotspot\share\prims\jni.cpp, line 1107]
Event: 13.006 Thread 0x00000213c1b96b30 Exception <a 'java/lang/NoSuchMethodError'{0x0000000088f2f3f8}: clone> (0x0000000088f2f3f8) 
thrown [s\src\hotspot\share\prims\jni.cpp, line 1073]
Event: 13.129 Thread 0x00000213c1b96b30 Exception <a 'java/lang/NoSuchMethodError'{0x0000000088e6add0}: 'void java.lang.invoke.DirectMethodHandle$Holder.invokeVirtual(java.lang.Object, java.lang.Object)'> (0x0000000088e6add0) 
thrown [s\src\hotspot\share\interpreter\linkResolver.cpp, line 759]
Event: 13.314 Thread 0x00000213c1b96b30 Exception <a 'java/lang/NoSuchMethodError'{0x0000000088c3f068}: 'void java.lang.invoke.Invokers$Holder.invoke_MT(java.lang.Object, java.lang.Object, java.lang.Object, java.lang.Object)'> (0x0000000088c3f068) 
thrown [s\src\hotspot\share\interpreter\linkResolver.cpp, line 759]
Event: 14.925 Thread 0x00000213c1b96b30 Exception <a 'java/lang/NoSuchMethodError'{0x0000000088ce5de0}: Lapp/api/data/responses/Datasource;.<init>()V> (0x0000000088ce5de0) 
thrown [s\src\hotspot\share\prims\jni.cpp, line 1107]
Event: 14.925 Thread 0x00000213c1b96b30 Exception <a 'java/lang/NoSuchMethodError'{0x0000000088ce60e0}: clone> (0x0000000088ce60e0) 
thrown [s\src\hotspot\share\prims\jni.cpp, line 1073]
Event: 14.935 Thread 0x00000213c1b96b30 Exception <a 'java/lang/NoSuchMethodError'{0x0000000088b26d00}: Lapp/backend/entities/DataTable;.<init>()V> (0x0000000088b26d00) 
thrown [s\src\hotspot\share\prims\jni.cpp, line 1107]
Event: 14.935 Thread 0x00000213c1b96b30 Exception <a 'java/lang/NoSuchMethodError'{0x0000000088b27000}: clone> (0x0000000088b27000) 
thrown [s\src\hotspot\share\prims\jni.cpp, line 1073]
Event: 14.947 Thread 0x00000213c1b96b30 Implicit null exception at 0x00000213d25886ea to 0x00000213d25888b4
Event: 15.117 Thread 0x00000213c1b96b30 Exception <a 'java/lang/NoSuchMethodError'{0x00000000886bd7c0}: 'void java.lang.invoke.DirectMethodHandle$Holder.invokeVirtual(java.lang.Object, java.lang.Object, java.lang.Object, java.lang.Object)'> (0x00000000886bd7c0) 
thrown [s\src\hotspot\share\interpreter\linkResolver.cpp, line 759]
Event: 15.477 Thread 0x00000213c1b96b30 Exception <a 'java/lang/NoSuchMethodError'{0x00000000883c0d08}: 'java.lang.Object java.lang.invoke.DirectMethodHandle$Holder.invokeVirtual(java.lang.Object, java.lang.Object, java.lang.Object, java.lang.Object)'> (0x00000000883c0d08) 
thrown [s\src\hotspot\share\interpreter\linkResolver.cpp, line 759]
Event: 15.479 Thread 0x00000213c1b96b30 Exception <a 'java/lang/NoSuchMethodError'{0x00000000883c9308}: 'void java.lang.invoke.DirectMethodHandle$Holder.invokeStatic(java.lang.Object, java.lang.Object, java.lang.Object, java.lang.Object)'> (0x00000000883c9308) 
thrown [s\src\hotspot\share\interpreter\linkResolver.cpp, line 759]
Event: 16.139 Thread 0x00000213c1b96b30 Exception <a 'sun/nio/fs/WindowsException'{0x0000000087e54580}> (0x0000000087e54580) 
thrown [s\src\hotspot\share\prims\jni.cpp, line 516]
Event: 16.139 Thread 0x00000213c1b96b30 Exception <a 'sun/nio/fs/WindowsException'{0x0000000087e547b0}> (0x0000000087e547b0) 
thrown [s\src\hotspot\share\prims\jni.cpp, line 516]
Event: 17.427 Thread 0x00000213c1b96b30 Exception <a 'sun/nio/fs/WindowsException'{0x0000000087da1cd0}> (0x0000000087da1cd0) 
thrown [s\src\hotspot\share\prims\jni.cpp, line 516]
Event: 106.057 Thread 0x00000213c1b96b30 Exception <a 'java/lang/NoSuchMethodError'{0x0000000087c64c50}: 'java.lang.Object java.lang.invoke.DirectMethodHandle$Holder.invokeSpecial(java.lang.Object, java.lang.Object, int, long)'> (0x0000000087c64c50) 
thrown [s\src\hotspot\share\interpreter\linkResolver.cpp, line 759]
Event: 125.452 Thread 0x00000213c1b96b30 Exception <a 'java/lang/NoSuchMethodError'{0x0000000087a40b38}: 'void java.lang.invoke.DirectMethodHandle$Holder.invokeSpecial(java.lang.Object, java.lang.Object, java.lang.Object)'> (0x0000000087a40b38) 
thrown [s\src\hotspot\share\interpreter\linkResolver.cpp, line 759]
Event: 217.878 Thread 0x00000213c1b96b30 Exception <a 'java/lang/NoSuchMethodError'{0x0000000087685330}: clone> (0x0000000087685330) 
thrown [s\src\hotspot\share\prims\jni.cpp, line 1073]
Event: 221.935 Thread 0x00000213c1b96b30 Exception <a 'java/lang/NoSuchMethodError'{0x000000008753d4f8}: 'void java.lang.invoke.Invokers$Holder.invoke_MT(java.lang.Object, java.lang.Object, java.lang.Object)'> (0x000000008753d4f8) 
thrown [s\src\hotspot\share\interpreter\linkResolver.cpp, line 759]

VM Operations (20 events):
Event: 201.922 Executing VM operation: Cleanup
Event: 201.922 Executing VM operation: Cleanup done
Event: 206.924 Executing VM operation: Cleanup
Event: 206.924 Executing VM operation: Cleanup done
Event: 211.927 Executing VM operation: Cleanup
Event: 211.927 Executing VM operation: Cleanup done
Event: 217.929 Executing VM operation: Cleanup
Event: 217.929 Executing VM operation: Cleanup done
Event: 330.988 Executing VM operation: Cleanup
Event: 330.988 Executing VM operation: Cleanup done
Event: 441.051 Executing VM operation: Cleanup
Event: 441.052 Executing VM operation: Cleanup done
Event: 448.054 Executing VM operation: Cleanup
Event: 448.055 Executing VM operation: Cleanup done
Event: 685.178 Executing VM operation: Cleanup
Event: 685.178 Executing VM operation: Cleanup done
Event: 992.981 Executing VM operation: G1CollectFull
Event: 993.042 Executing VM operation: G1CollectFull done
Event: 993.199 Executing VM operation: G1CollectFull
Event: 993.241 Executing VM operation: G1CollectFull done

Events (20 events):
Event: 16.614 loading class java/util/stream/Node$Builder done
Event: 16.614 loading class java/util/stream/Nodes$ArrayNode
Event: 16.614 loading class java/util/stream/Nodes$ArrayNode done
Event: 16.614 loading class java/util/stream/Nodes$FixedNodeBuilder done
Event: 75.202 Thread 0x00000213e55f1590 Thread exited: 0x00000213e55f1590
Event: 125.460 loading class java/util/Base64
Event: 125.460 loading class java/util/Base64 done
Event: 125.460 loading class java/util/Base64$Decoder
Event: 125.460 loading class java/util/Base64$Decoder done
Event: 125.460 loading class java/util/Base64$Encoder
Event: 125.461 loading class java/util/Base64$Encoder done
Event: 125.462 loading class jdk/internal/reflect/UnsafeLongFieldAccessorImpl
Event: 125.463 loading class jdk/internal/reflect/UnsafeLongFieldAccessorImpl done
Event: 125.485 Thread 0x00000213e55f0bf0 Thread added: 0x00000213e55f0bf0
Event: 196.061 Thread 0x00000213e55f0720 Thread exited: 0x00000213e55f0720
Event: 200.484 Thread 0x00000213e55ebef0 Thread added: 0x00000213e55ebef0
Event: 289.957 Thread 0x00000213e55f0bf0 Thread exited: 0x00000213e55f0bf0
Event: 330.134 Thread 0x00000213e55f0bf0 Thread added: 0x00000213e55f0bf0
Event: 444.369 Thread 0x00000213e55f0bf0 Thread exited: 0x00000213e55f0bf0
Event: 744.369 Thread 0x00000213e55f2400 Thread exited: 0x00000213e55f2400


Dynamic libraries:
0x00007ff61b4b0000 - 0x00007ff61b4bd000 	C:\Users\its\.jdks\liberica-17.0.7\bin\java.exe
0x00007ffa71c60000 - 0x00007ffa71e50000 	C:\Windows\SYSTEM32\ntdll.dll
0x00007ffa70cb0000 - 0x00007ffa70d62000 	C:\Windows\System32\KERNEL32.DLL
0x00007ffa6f6c0000 - 0x00007ffa6f965000 	C:\Windows\System32\KERNELBASE.dll
0x00007ffa6fa00000 - 0x00007ffa6fafa000 	C:\Windows\System32\ucrtbase.dll
0x00007ffa67470000 - 0x00007ffa67487000 	C:\Users\its\.jdks\liberica-17.0.7\bin\jli.dll
0x00007ffa704f0000 - 0x00007ffa70684000 	C:\Windows\System32\USER32.dll
0x00007ffa6ee20000 - 0x00007ffa6ee41000 	C:\Windows\System32\win32u.dll
0x00007ffa70920000 - 0x00007ffa70946000 	C:\Windows\System32\GDI32.dll
0x00007ffa6ebd0000 - 0x00007ffa6ed66000 	C:\Windows\System32\gdi32full.dll
0x00007ffa6fb00000 - 0x00007ffa6fb9e000 	C:\Windows\System32\msvcp_win.dll
0x00007ffa67450000 - 0x00007ffa67465000 	C:\Users\its\.jdks\liberica-17.0.7\bin\VCRUNTIME140.dll
0x00007ffa5ff30000 - 0x00007ffa601b4000 	C:\Windows\WinSxS\amd64_microsoft.windows.common-controls_6595b64144ccf1df_6.0.18362.1256_none_9e7e379be45e40e2\COMCTL32.dll
0x00007ffa70ba0000 - 0x00007ffa70c3e000 	C:\Windows\System32\msvcrt.dll
0x00007ffa715f0000 - 0x00007ffa71926000 	C:\Windows\System32\combase.dll
0x00007ffa70960000 - 0x00007ffa70a80000 	C:\Windows\System32\RPCRT4.dll
0x00007ffa6f970000 - 0x00007ffa6f9f1000 	C:\Windows\System32\bcryptPrimitives.dll
0x00007ffa71930000 - 0x00007ffa7195e000 	C:\Windows\System32\IMM32.DLL
0x00007ffa41930000 - 0x00007ffa419cb000 	C:\Users\its\.jdks\liberica-17.0.7\bin\msvcp140.dll
0x00007ffa3ba80000 - 0x00007ffa3c6a2000 	C:\Users\its\.jdks\liberica-17.0.7\bin\server\jvm.dll
0x00007ffa70d70000 - 0x00007ffa70e13000 	C:\Windows\System32\ADVAPI32.dll
0x00007ffa71960000 - 0x00007ffa719f7000 	C:\Windows\System32\sechost.dll
0x00007ffa5f2e0000 - 0x00007ffa5f2e9000 	C:\Windows\SYSTEM32\WSOCK32.dll
0x00007ffa70a80000 - 0x00007ffa70aef000 	C:\Windows\System32\WS2_32.dll
0x00007ffa67160000 - 0x00007ffa67184000 	C:\Windows\SYSTEM32\WINMM.dll
0x00007ffa669d0000 - 0x00007ffa669da000 	C:\Windows\SYSTEM32\VERSION.dll
0x00007ffa67130000 - 0x00007ffa6715d000 	C:\Windows\SYSTEM32\WINMMBASE.dll
0x00007ffa6edd0000 - 0x00007ffa6ee1a000 	C:\Windows\System32\cfgmgr32.dll
0x00007ffa6ebb0000 - 0x00007ffa6ebc1000 	C:\Windows\System32\kernel.appcore.dll
0x00007ffa68cd0000 - 0x00007ffa68cda000 	C:\Users\its\.jdks\liberica-17.0.7\bin\jimage.dll
0x00007ffa6d240000 - 0x00007ffa6d434000 	C:\Windows\SYSTEM32\DBGHELP.DLL
0x00007ffa5ce40000 - 0x00007ffa5ce6a000 	C:\Windows\SYSTEM32\dbgcore.DLL
0x00007ffa672e0000 - 0x00007ffa67305000 	C:\Users\its\.jdks\liberica-17.0.7\bin\java.dll
0x00007ffa3b9a0000 - 0x00007ffa3ba76000 	C:\Users\its\.jdks\liberica-17.0.7\bin\jsvml.dll
0x00007ffa6fe00000 - 0x00007ffa704e7000 	C:\Windows\System32\SHELL32.dll
0x00007ffa71530000 - 0x00007ffa715d9000 	C:\Windows\System32\shcore.dll
0x00007ffa6ee50000 - 0x00007ffa6f5d1000 	C:\Windows\System32\windows.storage.dll
0x00007ffa6eb80000 - 0x00007ffa6eba3000 	C:\Windows\System32\profapi.dll
0x00007ffa6eb10000 - 0x00007ffa6eb5a000 	C:\Windows\System32\powrprof.dll
0x00007ffa6eb00000 - 0x00007ffa6eb10000 	C:\Windows\System32\UMPDC.dll
0x00007ffa70690000 - 0x00007ffa706e2000 	C:\Windows\System32\shlwapi.dll
0x00007ffa6fba0000 - 0x00007ffa6fbb7000 	C:\Windows\System32\cryptsp.dll
0x00007ffa67200000 - 0x00007ffa67219000 	C:\Users\its\.jdks\liberica-17.0.7\bin\net.dll
0x00007ffa675e0000 - 0x00007ffa676d0000 	C:\Windows\SYSTEM32\WINHTTP.dll
0x00007ffa6e2a0000 - 0x00007ffa6e307000 	C:\Windows\system32\mswsock.dll
0x00007ffa671c0000 - 0x00007ffa671d5000 	C:\Users\its\.jdks\liberica-17.0.7\bin\nio.dll
0x00007ffa60340000 - 0x00007ffa60358000 	C:\Users\its\.jdks\liberica-17.0.7\bin\zip.dll
0x00007ffa67700000 - 0x00007ffa67709000 	C:\Users\its\.jdks\liberica-17.0.7\bin\prefs.dll
0x00000213c1ae0000 - 0x00000213c1ae9000 	C:\Windows\System32\icuuc.dll
0x00007ffa16bd0000 - 0x00007ffa171d7000 	C:\Qt\6.6.0\msvc2019_64\bin\Qt6Core.dll
0x00007ffa70f60000 - 0x00007ffa710b7000 	C:\Windows\System32\ole32.dll
0x00007ffa6fd10000 - 0x00007ffa6fdd5000 	C:\Windows\System32\OLEAUT32.dll
0x00007ffa5f2c0000 - 0x00007ffa5f2db000 	C:\Windows\SYSTEM32\MPR.dll
0x00007ffa6ea20000 - 0x00007ffa6ea45000 	C:\Windows\SYSTEM32\USERENV.dll
0x00007ffa6dba0000 - 0x00007ffa6dbea000 	C:\Windows\SYSTEM32\AUTHZ.dll
0x00007ffa5ee30000 - 0x00007ffa5ee47000 	C:\Windows\SYSTEM32\NETAPI32.dll
0x00007ffa676f0000 - 0x00007ffa676f9000 	C:\Users\its\.jdks\liberica-17.0.7\bin\MSVCP140_1.dll
0x00007ffa6c5b0000 - 0x00007ffa6c5bc000 	C:\Windows\SYSTEM32\VCRUNTIME140_1.dll
0x00007ffa6e420000 - 0x00007ffa6e42c000 	C:\Windows\SYSTEM32\CRYPTBASE.DLL
0x00007ffa594a0000 - 0x00007ffa594c6000 	C:\Windows\SYSTEM32\SRVCLI.DLL
0x00007ffa6e0d0000 - 0x00007ffa6e0dc000 	C:\Windows\SYSTEM32\NETUTILS.DLL
0x00007ffa16740000 - 0x00007ffa16bce000 	C:\Users\its\AppData\Local\Temp\QtJambi6.6.0_4192\bin\QtJambi6.dll
0x00007ffa154d0000 - 0x00007ffa1673b000 	C:\Users\its\AppData\Local\Temp\QtJambi6.6.0_4192\bin\QtJambiCore6.dll
0x00007ffa14c40000 - 0x00007ffa154cf000 	C:\Qt\6.6.0\msvc2019_64\bin\Qt6Gui.dll
0x00007ffa6b960000 - 0x00007ffa6bbbb000 	C:\Windows\SYSTEM32\d3d11.dll
0x00007ffa6d790000 - 0x00007ffa6d87b000 	C:\Windows\SYSTEM32\dxgi.dll
0x00007ffa633c0000 - 0x00007ffa636be000 	C:\Windows\SYSTEM32\DWrite.dll
0x00007ffa476c0000 - 0x00007ffa476f2000 	C:\Users\its\.jdks\liberica-17.0.7\bin\MSVCP140_2.dll
0x00007ffa6d700000 - 0x00007ffa6d720000 	C:\Windows\SYSTEM32\dxcore.dll
0x00007ffa1cd90000 - 0x00007ffa1cf62000 	C:\Windows\SYSTEM32\d3d12.dll
0x00007ffa146a0000 - 0x00007ffa14c32000 	C:\Users\its\AppData\Local\Temp\QtJambi6.6.0_4192\bin\QtJambiGui6.dll
0x00007ffa14070000 - 0x00007ffa1469a000 	C:\Qt\6.6.0\msvc2019_64\bin\Qt6Widgets.dll
0x00007ffa6c960000 - 0x00007ffa6c98d000 	C:\Windows\SYSTEM32\dwmapi.dll
0x00007ffa6c670000 - 0x00007ffa6c709000 	C:\Windows\SYSTEM32\UxTheme.dll
0x00007ffa13770000 - 0x00007ffa14064000 	C:\Users\its\AppData\Local\Temp\QtJambi6.6.0_4192\bin\QtJambiWidgets6.dll
0x00007ffa43050000 - 0x00007ffa4312e000 	C:\Qt\6.6.0\msvc2019_64\plugins\platforms\qwindows.dll
0x00007ffa710c0000 - 0x00007ffa71530000 	C:\Windows\System32\SETUPAPI.dll
0x00007ffa6f690000 - 0x00007ffa6f6b6000 	C:\Windows\System32\bcrypt.dll
0x00007ffa71af0000 - 0x00007ffa71bc0000 	C:\Windows\System32\COMDLG32.dll
0x00007ffa6d440000 - 0x00007ffa6d453000 	C:\Windows\SYSTEM32\WTSAPI32.dll
0x00007ffa31120000 - 0x00007ffa312e7000 	C:\Windows\SYSTEM32\d3d9.dll
0x00007ffa70e20000 - 0x00007ffa70f55000 	C:\Windows\System32\MSCTF.dll
0x00007ffa6e890000 - 0x00007ffa6e8ba000 	C:\Windows\SYSTEM32\DEVOBJ.dll
0x00007ffa70af0000 - 0x00007ffa70b92000 	C:\Windows\System32\clbcatq.dll
0x00007ffa65df0000 - 0x00007ffa65f41000 	C:\Windows\System32\Windows.UI.dll
0x00007ffa65c30000 - 0x00007ffa65d4b000 	C:\Windows\System32\InputHost.dll
0x00007ffa65d50000 - 0x00007ffa65dee000 	C:\Windows\System32\TextInputFramework.dll
0x00007ffa6c140000 - 0x00007ffa6c214000 	C:\Windows\System32\CoreMessaging.dll
0x00007ffa663e0000 - 0x00007ffa6670a000 	C:\Windows\System32\CoreUIComponents.dll
0x00007ffa6ca40000 - 0x00007ffa6cb30000 	C:\Windows\System32\PROPSYS.dll
0x00007ffa6a930000 - 0x00007ffa6aa83000 	C:\Windows\SYSTEM32\wintypes.dll
0x00007ffa6db00000 - 0x00007ffa6db31000 	C:\Windows\SYSTEM32\ntmarta.dll
0x00007ffa636c0000 - 0x00007ffa637d2000 	C:\Windows\System32\Windows.UI.Immersive.dll
0x00007ffa49700000 - 0x00007ffa49725000 	C:\Qt\6.6.0\msvc2019_64\plugins\styles\qwindowsvistastyle.dll
0x00007ffa66b40000 - 0x00007ffa66b4e000 	C:\Qt\6.6.0\msvc2019_64\plugins\imageformats\qgif.dll
0x00007ffa5d0a0000 - 0x00007ffa5d0b0000 	C:\Qt\6.6.0\msvc2019_64\plugins\imageformats\qicns.dll
0x00007ffa5c810000 - 0x00007ffa5c81e000 	C:\Qt\6.6.0\msvc2019_64\plugins\imageformats\qico.dll
0x00007ffa42600000 - 0x00007ffa4269c000 	C:\Qt\6.6.0\msvc2019_64\plugins\imageformats\qjpeg.dll
0x00007ffa5c780000 - 0x00007ffa5c78d000 	C:\Qt\6.6.0\msvc2019_64\plugins\imageformats\qpdf.dll
0x00007ffa13220000 - 0x00007ffa1376a000 	C:\Qt\6.6.0\msvc2019_64\bin\Qt6Pdf.dll
0x00007ffa2d260000 - 0x00007ffa2d3d3000 	C:\Qt\6.6.0\msvc2019_64\bin\Qt6Network.dll
0x00007ffa5d200000 - 0x00007ffa5d20c000 	C:\Windows\SYSTEM32\Secur32.dll
0x00007ffa6e000000 - 0x00007ffa6e0cb000 	C:\Windows\SYSTEM32\DNSAPI.dll
0x00007ffa6dfc0000 - 0x00007ffa6dffa000 	C:\Windows\SYSTEM32\IPHLPAPI.DLL
0x00007ffa715e0000 - 0x00007ffa715e8000 	C:\Windows\System32\NSI.dll
0x00007ffa6e9e0000 - 0x00007ffa6ea17000 	C:\Windows\SYSTEM32\SSPICLI.DLL
0x00007ffa5ad20000 - 0x00007ffa5ad2c000 	C:\Qt\6.6.0\msvc2019_64\plugins\imageformats\qsvg.dll
0x00007ffa47500000 - 0x00007ffa4755f000 	C:\Qt\6.6.0\msvc2019_64\bin\Qt6Svg.dll
0x00007ffa549e0000 - 0x00007ffa549ec000 	C:\Qt\6.6.0\msvc2019_64\plugins\imageformats\qtga.dll
0x00007ffa435f0000 - 0x00007ffa4365a000 	C:\Qt\6.6.0\msvc2019_64\plugins\imageformats\qtiff.dll
0x00007ffa539c0000 - 0x00007ffa539cc000 	C:\Qt\6.6.0\msvc2019_64\plugins\imageformats\qwbmp.dll
0x00007ffa41b70000 - 0x00007ffa41bf8000 	C:\Qt\6.6.0\msvc2019_64\plugins\imageformats\qwebp.dll
0x00007ffa52900000 - 0x00007ffa5293a000 	C:\Windows\system32\dataexchange.dll
0x00007ffa6bbc0000 - 0x00007ffa6bd9d000 	C:\Windows\system32\dcomp.dll
0x00007ffa6cb90000 - 0x00007ffa6cdf2000 	C:\Windows\system32\twinapi.appcore.dll
0x00007ffa6cf60000 - 0x00007ffa6cf89000 	C:\Windows\system32\RMCLIENT.dll
0x00007ffa63d70000 - 0x00007ffa64017000 	C:\Windows\System32\iertutil.dll
0x00007ffa526f0000 - 0x00007ffa528f6000 	C:\Windows\system32\explorerframe.dll
0x00007ffa6de20000 - 0x00007ffa6de53000 	C:\Windows\system32\rsaenh.dll
0x00007ffa691b0000 - 0x00007ffa691c6000 	C:\Windows\SYSTEM32\dhcpcsvc6.DLL
0x00007ffa69160000 - 0x00007ffa6917c000 	C:\Windows\SYSTEM32\dhcpcsvc.DLL
0x00007ffa67260000 - 0x00007ffa6726a000 	C:\Windows\System32\rasadhlp.dll
0x00007ffa68b90000 - 0x00007ffa68c07000 	C:\Windows\System32\fwpuclnt.dll
0x00007ffa66c00000 - 0x00007ffa66c09000 	C:\Users\its\.jdks\liberica-17.0.7\bin\management.dll
0x00007ffa47e50000 - 0x00007ffa47e5b000 	C:\Users\its\.jdks\liberica-17.0.7\bin\management_ext.dll
0x00007ffa70950000 - 0x00007ffa70958000 	C:\Windows\System32\PSAPI.DLL

dbghelp: loaded successfully - version: 4.0.5 - missing functions: none
symbol engine: initialized successfully - sym options: 0x614 - pdb path: .;C:\Users\its\.jdks\liberica-17.0.7\bin;C:\Windows\SYSTEM32;C:\Windows\WinSxS\amd64_microsoft.windows.common-controls_6595b64144ccf1df_6.0.18362.1256_none_9e7e379be45e40e2;C:\Users\its\.jdks\liberica-17.0.7\bin\server;C:\Qt\6.6.0\msvc2019_64\bin;C:\Users\its\AppData\Local\Temp\QtJambi6.6.0_4192\bin;C:\Qt\6.6.0\msvc2019_64\plugins\platforms;C:\Qt\6.6.0\msvc2019_64\plugins\styles;C:\Qt\6.6.0\msvc2019_64\plugins\imageformats

VM Arguments:
jvm_args: -Djava.library.path=C:\Qt\6.6.0\msvc2019_64\bin -Dfile.encoding=UTF-8 -Duser.country=RU -Duser.language=ru -Duser.variant 
java_command: Main
java_class_path (initial): C:\Users\its\Desktop\DBB\dbb-client\build\classes\java\main;C:\Users\its\Desktop\DBB\dbb-client\build\resources\main;C:\Users\its\Desktop\DBB\dbb-client\libs\qtjambi-native-windows-x64-6.6.0.jar;C:\Users\its\.gradle\caches\modules-2\files-2.1\io.qtjambi\qtjambi\6.6.0\122bd017d9f98685b5632c0c0a7c677df68db02e\qtjambi-6.6.0.jar;C:\Users\its\.gradle\caches\modules-2\files-2.1\org.xerial\sqlite-jdbc\3.44.1.0\12e6182deef32d366ade664aa33bec9f4dd3ffe\sqlite-jdbc-3.44.1.0.jar;C:\Users\its\.gradle\caches\modules-2\files-2.1\org.postgresql\postgresql\42.7.3\24f3e9f7231428cd20eb4dde00dd3fce44e05464\postgresql-42.7.3.jar;C:\Users\its\.gradle\caches\modules-2\files-2.1\org.slf4j\slf4j-api\2.0.13\80229737f704b121a318bba5d5deacbcf395bc77\slf4j-api-2.0.13.jar;C:\Users\its\.gradle\caches\modules-2\files-2.1\org.apache.commons\commons-lang3\3.12.0\c6842c86792ff03b9f1d1fe2aab8dc23aa6c6f0e\commons-lang3-3.12.0.jar;C:\Users\its\.gradle\caches\modules-2\files-2.1\org.json\json\20231013\e22e0c040fe16f04ffdb85d851d77b07fc05ea52\json-20231013.jar;C:\Users\its\.gradle\caches\modules-2\files-2.1\com.squareup.retrofit2\converter-gson\2.1.0\aa557d71ead91cbf26e0c316a0f593d168303309\converter-gson-2.1.0.jar;C:\Users\its\.gradle\caches\modules-2\files-2.1\com.squareup.retrofit2\retrofit\2.1.0\2de7cd8b95b7021b1d597f049bcb422055119f2c\retrofit-2.1.0.jar;C:\Users\its\.gradle\caches\modules-2\files-2.1\org.checkerframework\checker-qual\3.42.0\638ec33f363a94d41a4f03c3e7d3dcfba64e402d\checker-qual-3.42.0.jar;C:\Users\its\.gradle\caches\modules-2\files-2.1\com.squareup.okhttp3\okhttp\3.3.0\2b802460eea20f8f2ad9c08c74e0f14718e88aa9\okhttp-3.3.0.jar;C:\Users\its\.gradle\caches\modules-2\files-2.1\com.google.code.gson\gson\2.7\751f548c85fa49f330cecbb1875893f971b33c4e\gson-2.7.jar;C:\Users\its\.gradle\caches\modules-2\files-2.1\com.squareup.okio\okio\1.8.0\5ea7af56cc7c567ed9856d99efb30740e9b17ff\okio-1.8.0.jar
Launcher Type: SUN_STANDARD

[Global flags]
     intx CICompilerCount                          = 3                                         {product} {ergonomic}
     uint ConcGCThreads                            = 1                                         {product} {ergonomic}
     uint G1ConcRefinementThreads                  = 4                                         {product} {ergonomic}
   size_t G1HeapRegionSize                         = 1048576                                   {product} {ergonomic}
    uintx GCDrainStackTargetSize                   = 64                                        {product} {ergonomic}
   size_t InitialHeapSize                          = 134217728                                 {product} {ergonomic}
   size_t MarkStackSize                            = 4194304                                   {product} {ergonomic}
   size_t MaxHeapSize                              = 2118123520                                {product} {ergonomic}
   size_t MaxNewSize                               = 1270874112                                {product} {ergonomic}
   size_t MinHeapDeltaBytes                        = 1048576                                   {product} {ergonomic}
   size_t MinHeapSize                              = 8388608                                   {product} {ergonomic}
    uintx NonNMethodCodeHeapSize                   = 5832780                                {pd product} {ergonomic}
    uintx NonProfiledCodeHeapSize                  = 122912730                              {pd product} {ergonomic}
    uintx ProfiledCodeHeapSize                     = 122912730                              {pd product} {ergonomic}
    uintx ReservedCodeCacheSize                    = 251658240                              {pd product} {ergonomic}
     bool SegmentedCodeCache                       = true                                      {product} {ergonomic}
   size_t SoftMaxHeapSize                          = 2118123520                             {manageable} {ergonomic}
     bool UseCompressedClassPointers               = true                           {product lp64_product} {ergonomic}
     bool UseCompressedOops                        = true                           {product lp64_product} {ergonomic}
     bool UseG1GC                                  = true                                      {product} {ergonomic}
     bool UseLargePagesIndividualAllocation        = false                                  {pd product} {ergonomic}

Logging:
Log output configuration:
 #0: stdout all=warning uptime,level,tags
 #1: stderr all=off uptime,level,tags

Environment Variables:
JAVA_HOME=C:\Users\its\.jdks\corretto-1.8.0_382
PATH=C:\Qt\6.6.0\msvc2019_64\bin;C:\Users\its\AppData\Local\Temp\QtJambi6.6.0_4192\bin;C:\Program Files\Common Files\Oracle\Java\javapath;C:\Program Files (x86)\Common Files\Oracle\Java\javapath;C:\Python311\Scripts\;C:\Python311\;C:\Windows\system32;C:\Windows;C:\Windows\System32\Wbem;C:\Windows\System32\WindowsPowerShell\v1.0\;C:\Windows\System32\OpenSSH\;C:\ProgramData\chocolatey\bin;C:\Program Files\Git\cmd;C:\Program Files\PuTTY\;C:\Program Files\nodejs\;C:\HaxeToolkit\haxe;C:\HaxeToolkit\neko;;C:\Program Files\Docker\Docker\resources\bin;C:\Users\its\AppData\Roaming\local\bin;C:\Users\its\AppData\Local\Microsoft\WindowsApps;C:\Users\its\AppData\Local\Programs\Microsoft VS Code\bin;C:\Users\its\AppData\Roaming\cabal\bin;C:\tools\ghc-9.2.1\bin;C:\tools\msys64;C:\Program Files\JetBrains\IntelliJ IDEA Community Edition 2022.2.1\bin;C:\Users\its\.jdks\corretto-16.0.2\bin;C:\Program Files\swipl\bin;C:\Strawberry\c\bin\spin;C:\Strawberry\c\bin\;C:\ActiveTcl\bin\;C:\Program Files\JetBrains\WebStorm 2022.3.3\bin;C:\Users\its\AppData\Roaming\npm;C:\Program Files\Java\jdk-17\bin;C:\Program Files\PostgreSQL\16\bin
USERNAME=its
OS=Windows_NT
PROCESSOR_IDENTIFIER=Intel64 Family 6 Model 58 Stepping 9, GenuineIntel
TMP=C:\Users\its\AppData\Local\Temp
TEMP=C:\Users\its\AppData\Local\Temp



---------------  S Y S T E M  ---------------

OS:
 Windows 10 , 64 bit Build 18362 (10.0.18362.1110)
OS uptime: 0 days 3:03 hours
Hyper-V role detected

CPU: total 4 (initial active 4) (2 cores per cpu, 2 threads per core) family 6 model 58 stepping 9 microcode 0x20, cx8, cmov, fxsr, ht, mmx, sse, sse2, sse3, ssse3, sse4.1, sse4.2, popcnt, tsc, tscinvbit, avx, aes, erms, clmul, vzeroupper, clflush, hv

Memory: 4k page, system-wide physical 8077M (1164M free)
TotalPageFile size 13709M (AvailPageFile size 6108M)
current process WorkingSet (physical memory assigned to process): 127M, peak: 179M
current process commit charge ("private bytes"): 150M, peak: 274M

vm_info: OpenJDK 64-Bit Server VM (17.0.7+7-LTS) for windows-amd64 JRE (17.0.7+7-LTS), built on Apr 18 2023 18:44:51 by "" with MS VC++ 15.9 (VS2017)

END.
