#
# A fatal error has been detected by the Java Runtime Environment:
#
#  EXCEPTION_ACCESS_VIOLATION (0xc0000005) at pc=0x00007ffa4137da1e, pid=9556, tid=7748
#
# JRE version: OpenJDK Runtime Environment (17.0.7+7) (build 17.0.7+7-LTS)
# Java VM: OpenJDK 64-Bit Server VM (17.0.7+7-LTS, mixed mode, sharing, tiered, compressed oops, compressed class ptrs, g1 gc, windows-amd64)
# Problematic frame:
# C  [Qt6Core.dll+0x9da1e]
#
# No core dump will be written. Minidumps are not enabled by default on client versions of Windows
#
# If you would like to submit a bug report, please visit:
#   https://bell-sw.com/support
# The crash happened outside the Java Virtual Machine in native code.
# See problematic frame for where to report the bug.
#

---------------  S U M M A R Y ------------

Command Line: -Djava.library.path=C:\Qt\6.6.0\msvc2019_64\bin -Dfile.encoding=UTF-8 -Duser.country=RU -Duser.language=ru -Duser.variant Main

Host: Intel(R) Core(TM) i5-3317U CPU @ 1.70GHz, 4 cores, 7G,  Windows 10 , 64 bit Build 18362 (10.0.18362.1110)
Time: Tue Jun 25 03:02:38 2024 Новосибирское стандартное время elapsed time: 320.784997 seconds (0d 0h 5m 20s)

---------------  T H R E A D  ---------------

Current thread (0x000001ebfc436b30):  JavaThread "main" [_thread_in_native, id=7748, stack(0x000000c540100000,0x000000c540200000)]

Stack: [0x000000c540100000,0x000000c540200000],  sp=0x000000c5401fdd40,  free space=1015k
Native frames: (J=compiled Java code, j=interpreted, Vv=VM code, C=native code)
C  [Qt6Core.dll+0x9da1e]

Java frames: (J=compiled Java code, j=interpreted, Vv=VM code)
j  io.qt.core.QCoreApplication.sendPostedEvents_native_QObject_ptr_int(JI)V+0
j  io.qt.core.QCoreApplication.sendPostedEvents(Lio/qt/core/QObject;I)V+10
j  io.qt.core.QCoreApplication.shutdown()V+498
j  io.qt.widgets.QApplication.shutdown()V+0
j  Main.main([Ljava/lang/String;)V+34
v  ~StubRoutines::call_stub

siginfo: EXCEPTION_ACCESS_VIOLATION (0xc0000005), reading address 0xffffffffffffffff


Register to memory mapping:

RIP=0x00007ffa4137da1e Qt6Core.dll
RAX=0x00009f5c3a171ce3 is an unknown value
RBX=0x90011c00d9e68f3a is an unknown value
RCX=0x000001eba18feec0 points into unknown readable memory: 0x00007ffa4168e9b0 | b0 e9 68 41 fa 7f 00 00
RDX=0x0 is NULL
RSP=0x000000c5401fdd40 is pointing into the stack for thread: 0x000001ebfc436b30
RBP=0x000000c5401fde40 is pointing into the stack for thread: 0x000001ebfc436b30
RSI=0x000001eba0496440 points into unknown readable memory: 0x00007ffa4169d390 | 90 d3 69 41 fa 7f 00 00
RDI=0x90011c00d9e68ee2 is an unknown value
R8 =0x000001ebfa263d80 points into unknown readable memory: 0x000001ebfa260d20 | 20 0d 26 fa eb 01 00 00
R9 =0x0000000000000001 is an unknown value
R10=0x0000000000008000 is an unknown value
R11=0x000000c5401fe6c0 is pointing into the stack for thread: 0x000001ebfc436b30
R12=0x000001eba18feec0 points into unknown readable memory: 0x00007ffa4168e9b0 | b0 e9 68 41 fa 7f 00 00
R13=0x0 is NULL
R14=0x000001eba06da2f0 points into unknown readable memory: 0x000001eba1238910 | 10 89 23 a1 eb 01 00 00
R15=0x0000000000000001 is an unknown value


Registers:
RAX=0x00009f5c3a171ce3, RBX=0x90011c00d9e68f3a, RCX=0x000001eba18feec0, RDX=0x0000000000000000
RSP=0x000000c5401fdd40, RBP=0x000000c5401fde40, RSI=0x000001eba0496440, RDI=0x90011c00d9e68ee2
R8 =0x000001ebfa263d80, R9 =0x0000000000000001, R10=0x0000000000008000, R11=0x000000c5401fe6c0
R12=0x000001eba18feec0, R13=0x0000000000000000, R14=0x000001eba06da2f0, R15=0x0000000000000001
RIP=0x00007ffa4137da1e, EFLAGS=0x0000000000010286

Top of Stack: (sp=0x000000c5401fdd40)
0x000000c5401fdd40:   000001eb9c745900 000000c5401fdda0
0x000000c5401fdd50:   0000000087157e08 000001eba0495420
0x000000c5401fdd60:   0000000087157e08 0000000087157e08
0x000000c5401fdd70:   000000c5401fdda0 0000000081c054e8
0x000000c5401fdd80:   0000000000000003 0000000000000000
0x000000c5401fdd90:   000000c5401fe0d0 000000c5401fde50
0x000000c5401fdda0:   000000c5401fe080 000001eba18feec0
0x000000c5401fddb0:   000000c5401fde50 0000000087157e08
0x000000c5401fddc0:   000001ebfc436b30 0000000000000000
0x000000c5401fddd0:   000000c5401fdf00 0000000000000000
0x000000c5401fdde0:   000001eb8932a640 0000000000000000
0x000000c5401fddf0:   0000000000000001 000000c5401fe330
0x000000c5401fde00:   0000000087157e08 0000000000000003
0x000000c5401fde10:   000000c5401fde40 0000000087157e08
0x000000c5401fde20:   0000000000000110 0000000087157e08
0x000000c5401fde30:   000000c5401fe140 000000c5401fdec8 

Instructions: (pc=0x00007ffa4137da1e)
0x00007ffa4137d91e:   48 8b 4b 08 48 85 c9 74 0f 48 8b 11 48 8b 02 41
0x00007ffa4137d92e:   8b d6 ff 15 c2 b3 2f 00 48 89 6b 08 48 8b 5c 24
0x00007ffa4137d93e:   48 49 8b c6 4c 8b 74 24 20 f0 48 0f b1 2f 48 8b
0x00007ffa4137d94e:   6c 24 50 74 08 48 8b cf e8 45 c9 18 00 48 8b 7c
0x00007ffa4137d95e:   24 28 48 83 c4 30 5e c3 cc cc cc cc cc cc cc cc
0x00007ffa4137d96e:   cc cc 48 89 5c 24 10 48 89 74 24 18 48 89 7c 24
0x00007ffa4137d97e:   20 55 41 54 41 55 41 56 41 57 48 8d ac 24 40 f8
0x00007ffa4137d98e:   ff ff 48 81 ec c0 08 00 00 48 8b 05 8a 4e 4e 00
0x00007ffa4137d99e:   48 33 c4 48 89 85 b0 07 00 00 89 54 24 48 4c 8b
0x00007ffa4137d9ae:   e1 48 89 4c 24 68 45 33 ed 4c 89 6d 88 44 88 6d
0x00007ffa4137d9be:   90 48 85 c9 75 40 b1 01 e8 85 ac 18 00 48 89 45
0x00007ffa4137d9ce:   80 48 8d 58 58 48 8b 03 45 8d 7c 24 01 48 85 c0
0x00007ffa4137d9de:   75 07 f0 4c 0f b1 3b 74 08 48 8b cb e8 81 c4 18
0x00007ffa4137d9ee:   00 48 8b 45 80 48 89 44 24 28 48 89 5c 24 30 44
0x00007ffa4137d9fe:   88 7c 24 38 eb 6e 48 8b 71 08 41 bf 01 00 00 00
0x00007ffa4137da0e:   66 90 48 8b 7e 58 90 48 85 ff 74 4a 48 8d 5f 58
0x00007ffa4137da1e:   48 8b 03 48 85 c0 75 07 f0 4c 0f b1 3b 74 08 48
0x00007ffa4137da2e:   8b cb e8 3b c4 18 00 48 8b 46 58 90 48 3b f8 74
0x00007ffa4137da3e:   14 49 8b c7 f0 4c 0f b1 2b 74 c7 48 8b cb e8 4f
0x00007ffa4137da4e:   c8 18 00 eb bd 48 89 7c 24 28 48 89 5c 24 30 44
0x00007ffa4137da5e:   88 7c 24 38 eb 0e 0f 57 c0 f3 0f 7f 44 24 28 c6
0x00007ffa4137da6e:   44 24 38 00 4d 85 e4 74 1d 49 8b 44 24 08 8b 40
0x00007ffa4137da7e:   34 90 85 c0 75 10 44 0f b6 74 24 38 48 8b 74 24
0x00007ffa4137da8e:   30 e9 5a 03 00 00 66 0f 6f 05 c4 65 31 00 f3 0f
0x00007ffa4137da9e:   7f 45 98 48 8d 45 b0 48 89 45 a8 48 8b 44 24 28
0x00007ffa4137daae:   4c 8b 40 38 4c 89 44 24 50 4d 8b f5 4c 89 6c 24
0x00007ffa4137dabe:   58 4d 85 c0 0f 8e 24 02 00 00 48 83 c0 30 48 89
0x00007ffa4137dace:   44 24 20 45 33 ff 4c 89 7c 24 60 33 c9 48 89 4c
0x00007ffa4137dade:   24 40 48 8b 30 49 03 f7 4d 85 e4 74 09 4c 39 26
0x00007ffa4137daee:   0f 85 30 01 00 00 48 8b 46 08 48 85 c0 0f 84 23
0x00007ffa4137dafe:   01 00 00 8b 54 24 48 85 d2 74 0c 0f b7 40 08 3b
0x00007ffa4137db0e:   c2 0f 85 0f 01 00 00 48 8b 06 48 8b 48 08 b8 ff 


Stack slot to memory mapping:
stack at sp + 0 slots: 0x000001eb9c745900 is pointing into metadata
stack at sp + 1 slots: 0x000000c5401fdda0 is pointing into the stack for thread: 0x000001ebfc436b30
stack at sp + 2 slots: 0x0000000087157e08 is an oop: io.qt.internal.NativeUtility$NativeLink 
{0x0000000087157e08} - klass: 'io/qt/internal/NativeUtility$NativeLink'
 - ---- fields (total size 5 words):
 - private 'referent' 'Ljava/lang/Object;' @12  NULL (0)
 - volatile 'queue' 'Ljava/lang/ref/ReferenceQueue;' @16  a 'java/lang/ref/ReferenceQueue$Null'{0x0000000081c10b98} (81c10b98)
 - volatile 'next' 'Ljava/lang/ref/Reference;' @20  a 'io/qt/internal/NativeUtility$NativeLink'{0x0000000087157e08} (87157e08)
 - private transient 'discovered' 'Ljava/lang/ref/Reference;' @24  NULL (0)
 - private 'native__id' 'J' @32  0 (0 0)
stack at sp + 3 slots: 0x000001eba0495420 points into unknown readable memory: 0x00007ffa411499f8 | f8 99 14 41 fa 7f 00 00
stack at sp + 4 slots: 0x0000000087157e08 is an oop: io.qt.internal.NativeUtility$NativeLink 
{0x0000000087157e08} - klass: 'io/qt/internal/NativeUtility$NativeLink'
 - ---- fields (total size 5 words):
 - private 'referent' 'Ljava/lang/Object;' @12  NULL (0)
 - volatile 'queue' 'Ljava/lang/ref/ReferenceQueue;' @16  a 'java/lang/ref/ReferenceQueue$Null'{0x0000000081c10b98} (81c10b98)
 - volatile 'next' 'Ljava/lang/ref/Reference;' @20  a 'io/qt/internal/NativeUtility$NativeLink'{0x0000000087157e08} (87157e08)
 - private transient 'discovered' 'Ljava/lang/ref/Reference;' @24  NULL (0)
 - private 'native__id' 'J' @32  0 (0 0)
stack at sp + 5 slots: 0x0000000087157e08 is an oop: io.qt.internal.NativeUtility$NativeLink 
{0x0000000087157e08} - klass: 'io/qt/internal/NativeUtility$NativeLink'
 - ---- fields (total size 5 words):
 - private 'referent' 'Ljava/lang/Object;' @12  NULL (0)
 - volatile 'queue' 'Ljava/lang/ref/ReferenceQueue;' @16  a 'java/lang/ref/ReferenceQueue$Null'{0x0000000081c10b98} (81c10b98)
 - volatile 'next' 'Ljava/lang/ref/Reference;' @20  a 'io/qt/internal/NativeUtility$NativeLink'{0x0000000087157e08} (87157e08)
 - private transient 'discovered' 'Ljava/lang/ref/Reference;' @24  NULL (0)
 - private 'native__id' 'J' @32  0 (0 0)
stack at sp + 6 slots: 0x000000c5401fdda0 is pointing into the stack for thread: 0x000001ebfc436b30
stack at sp + 7 slots: 0x0000000081c054e8 is an oop: java.lang.ref.ReferenceQueue$Lock 
{0x0000000081c054e8} - klass: 'java/lang/ref/ReferenceQueue$Lock'
 - ---- fields (total size 2 words):


---------------  P R O C E S S  ---------------

Threads class SMR info:
_java_thread_list=0x000001eba15f0080, length=18, elements={
0x000001ebfc436b30, 0x000001ebff529640, 0x000001ebff52ab60, 0x000001ebff538e60,
0x000001ebff53c740, 0x000001ebff53f7b0, 0x000001ebff54bd30, 0x000001ebff54d910,
0x000001ebff5502d0, 0x000001ebff564f50, 0x000001eba00dfe20, 0x000001eba00ea5b0,
0x000001eba0435ac0, 0x000001eba09c67b0, 0x000001eba09c2450, 0x000001eba09c7af0,
0x000001eba09c1110, 0x000001eba09c2df0
}

Java Threads: ( => current thread )
=>0x000001ebfc436b30 JavaThread "main" [_thread_in_native, id=7748, stack(0x000000c540100000,0x000000c540200000)]
  0x000001ebff529640 JavaThread "Reference Handler" daemon [_thread_blocked, id=9832, stack(0x000000c540900000,0x000000c540a00000)]
  0x000001ebff52ab60 JavaThread "Finalizer" daemon [_thread_blocked, id=3028, stack(0x000000c540a00000,0x000000c540b00000)]
  0x000001ebff538e60 JavaThread "Signal Dispatcher" daemon [_thread_blocked, id=6976, stack(0x000000c540c00000,0x000000c540d00000)]
  0x000001ebff53c740 JavaThread "Attach Listener" daemon [_thread_blocked, id=5828, stack(0x000000c540d00000,0x000000c540e00000)]
  0x000001ebff53f7b0 JavaThread "Service Thread" daemon [_thread_blocked, id=6580, stack(0x000000c540e00000,0x000000c540f00000)]
  0x000001ebff54bd30 JavaThread "Monitor Deflation Thread" daemon [_thread_blocked, id=4916, stack(0x000000c540f00000,0x000000c541000000)]
  0x000001ebff54d910 JavaThread "C2 CompilerThread0" daemon [_thread_blocked, id=7424, stack(0x000000c541000000,0x000000c541100000)]
  0x000001ebff5502d0 JavaThread "C1 CompilerThread0" daemon [_thread_blocked, id=4880, stack(0x000000c541100000,0x000000c541200000)]
  0x000001ebff564f50 JavaThread "Sweeper thread" daemon [_thread_blocked, id=6304, stack(0x000000c541200000,0x000000c541300000)]
  0x000001eba00dfe20 JavaThread "Notification Thread" daemon [_thread_blocked, id=4268, stack(0x000000c541300000,0x000000c541400000)]
  0x000001eba00ea5b0 JavaThread "Common-Cleaner" daemon [_thread_blocked, id=8656, stack(0x000000c541500000,0x000000c541600000)]
  0x000001eba0435ac0 JavaThread "QtJambiCleanupThread" daemon [_thread_blocked, id=2260, stack(0x000000c541600000,0x000000c541700000)]
  0x000001eba09c67b0 JavaThread "OkHttp ConnectionPool" daemon [_thread_blocked, id=7684, stack(0x000000c541e00000,0x000000c541f00000)]
  0x000001eba09c2450 JavaThread "Okio Watchdog" daemon [_thread_blocked, id=3032, stack(0x000000c542000000,0x000000c542100000)]
  0x000001eba09c7af0 JavaThread "OkHttp Dispatcher" [_thread_blocked, id=3772, stack(0x000000c540200000,0x000000c540300000)]
  0x000001eba09c1110 JavaThread "OkHttp Dispatcher" [_thread_blocked, id=2040, stack(0x000000c541d00000,0x000000c541e00000)]
  0x000001eba09c2df0 JavaThread "PostgreSQL-JDBC-Cleaner" daemon [_thread_blocked, id=1816, stack(0x000000c542100000,0x000000c542200000)]

Other Threads:
  0x000001ebff5226c0 VMThread "VM Thread" [stack: 0x000000c540800000,0x000000c540900000] [id=4900]
  0x000001eba00e02f0 WatcherThread [stack: 0x000000c541400000,0x000000c541500000] [id=4680]
  0x000001ebfc4923c0 GCTaskThread "GC Thread#0" [stack: 0x000000c540300000,0x000000c540400000] [id=1772]
  0x000001eba0675ee0 GCTaskThread "GC Thread#1" [stack: 0x000000c541700000,0x000000c541800000] [id=6616]
  0x000001eba0676190 GCTaskThread "GC Thread#2" [stack: 0x000000c541800000,0x000000c541900000] [id=2184]
  0x000001eba0489a90 GCTaskThread "GC Thread#3" [stack: 0x000000c541900000,0x000000c541a00000] [id=3164]
  0x000001ebfc4a2e90 ConcurrentGCThread "G1 Main Marker" [stack: 0x000000c540400000,0x000000c540500000] [id=7464]
  0x000001ebfc4a37b0 ConcurrentGCThread "G1 Conc#0" [stack: 0x000000c540500000,0x000000c540600000] [id=9888]
  0x000001ebff3e04a0 ConcurrentGCThread "G1 Refine#0" [stack: 0x000000c540600000,0x000000c540700000] [id=6824]
  0x000001ebff3e0dd0 ConcurrentGCThread "G1 Service" [stack: 0x000000c540700000,0x000000c540800000] [id=9828]

Threads with active compile tasks:

VM state: not at safepoint (normal execution)

VM Mutex/Monitor currently owned by a thread: None

Heap address: 0x0000000081c00000, size: 2020 MB, Compressed Oops mode: 32-bit

CDS archive(s) mapped at: [0x0000000800000000-0x0000000800bd0000-0x0000000800bd0000), size 12386304, SharedBaseAddress: 0x0000000800000000, ArchiveRelocationMode: 0.
Compressed class space mapped at: 0x0000000801000000-0x0000000841000000, reserved size: 1073741824
Narrow klass base: 0x0000000800000000, Narrow klass shift: 0, Narrow klass range: 0x100000000

GC Precious Log:
 CPUs: 4 total, 4 available
 Memory: 8077M
 Large Page Support: Disabled
 NUMA Support: Disabled
 Compressed Oops: Enabled (32-bit)
 Heap Region Size: 1M
 Heap Min Capacity: 8M
 Heap Initial Capacity: 128M
 Heap Max Capacity: 2020M
 Pre-touch: Disabled
 Parallel Workers: 4
 Concurrent Workers: 1
 Concurrent Refinement Workers: 4
 Periodic GC: Disabled

Heap:
 garbage-first heap   total 30720K, used 8299K [0x0000000081c00000, 0x0000000100000000)
  region size 1024K, 1 young (1024K), 0 survivors (0K)
 Metaspace       used 20097K, committed 20416K, reserved 1114112K
  class space    used 1876K, committed 2048K, reserved 1048576K

Heap Regions: E=young(eden), S=young(survivor), O=old, HS=humongous(starts), HC=humongous(continues), CS=collection set, F=free, OA=open archive, CA=closed archive, TAMS=top-at-mark-start (previous, next)
|   0|0x0000000081c00000, 0x0000000081d00000, 0x0000000081d00000|100%| O|  |TAMS 0x0000000081d00000, 0x0000000081c00000| Untracked 
|   1|0x0000000081d00000, 0x0000000081dffff0, 0x0000000081e00000| 99%| O|  |TAMS 0x0000000081d00000, 0x0000000081d00000| Untracked 
|   2|0x0000000081e00000, 0x0000000081efffe8, 0x0000000081f00000| 99%| O|  |TAMS 0x0000000081e00000, 0x0000000081e00000| Untracked 
|   3|0x0000000081f00000, 0x0000000081ffffe0, 0x0000000082000000| 99%| O|  |TAMS 0x0000000081f00000, 0x0000000081f00000| Untracked 
|   4|0x0000000082000000, 0x00000000820ffe10, 0x0000000082100000| 99%| O|  |TAMS 0x00000000820ffe10, 0x0000000082000000| Untracked 
|   5|0x0000000082100000, 0x00000000821ffcb8, 0x0000000082200000| 99%| O|  |TAMS 0x0000000082100000, 0x0000000082100000| Untracked 
|   6|0x0000000082200000, 0x0000000082273558, 0x0000000082300000| 45%| O|  |TAMS 0x0000000082200000, 0x0000000082200000| Untracked 
|   7|0x0000000082300000, 0x0000000082300000, 0x0000000082400000|  0%| F|  |TAMS 0x0000000082300000, 0x0000000082300000| Untracked 
|   8|0x0000000082400000, 0x0000000082400000, 0x0000000082500000|  0%| F|  |TAMS 0x0000000082400000, 0x0000000082400000| Untracked 
|   9|0x0000000082500000, 0x0000000082500000, 0x0000000082600000|  0%| F|  |TAMS 0x0000000082500000, 0x0000000082500000| Untracked 
|  10|0x0000000082600000, 0x0000000082600000, 0x0000000082700000|  0%| F|  |TAMS 0x0000000082600000, 0x0000000082600000| Untracked 
|  11|0x0000000082700000, 0x0000000082700000, 0x0000000082800000|  0%| F|  |TAMS 0x0000000082700000, 0x0000000082700000| Untracked 
|  12|0x0000000082800000, 0x0000000082800000, 0x0000000082900000|  0%| F|  |TAMS 0x0000000082800000, 0x0000000082800000| Untracked 
|  13|0x0000000082900000, 0x0000000082900000, 0x0000000082a00000|  0%| F|  |TAMS 0x0000000082900000, 0x0000000082900000| Untracked 
|  14|0x0000000082a00000, 0x0000000082a00000, 0x0000000082b00000|  0%| F|  |TAMS 0x0000000082a00000, 0x0000000082a00000| Untracked 
|  15|0x0000000082b00000, 0x0000000082b00000, 0x0000000082c00000|  0%| F|  |TAMS 0x0000000082b00000, 0x0000000082b00000| Untracked 
|  16|0x0000000082c00000, 0x0000000082c00000, 0x0000000082d00000|  0%| F|  |TAMS 0x0000000082c00000, 0x0000000082c00000| Untracked 
|  17|0x0000000082d00000, 0x0000000082d00000, 0x0000000082e00000|  0%| F|  |TAMS 0x0000000082d00000, 0x0000000082d00000| Untracked 
|  18|0x0000000082e00000, 0x0000000082e00000, 0x0000000082f00000|  0%| F|  |TAMS 0x0000000082e00000, 0x0000000082e00000| Untracked 
|  19|0x0000000082f00000, 0x0000000082f00000, 0x0000000083000000|  0%| F|  |TAMS 0x0000000082f00000, 0x0000000082f00000| Untracked 
|  20|0x0000000083000000, 0x0000000083000000, 0x0000000083100000|  0%| F|  |TAMS 0x0000000083000000, 0x0000000083000000| Untracked 
|  21|0x0000000083100000, 0x0000000083100000, 0x0000000083200000|  0%| F|  |TAMS 0x0000000083100000, 0x0000000083100000| Untracked 
|  22|0x0000000083200000, 0x0000000083200000, 0x0000000083300000|  0%| F|  |TAMS 0x0000000083200000, 0x0000000083200000| Untracked 
|  23|0x0000000083300000, 0x0000000083300000, 0x0000000083400000|  0%| F|  |TAMS 0x0000000083300000, 0x0000000083300000| Untracked 
|  24|0x0000000083400000, 0x0000000083400000, 0x0000000083500000|  0%| F|  |TAMS 0x0000000083400000, 0x0000000083400000| Untracked 
|  25|0x0000000083500000, 0x0000000083500000, 0x0000000083600000|  0%| F|  |TAMS 0x0000000083500000, 0x0000000083500000| Untracked 
|  26|0x0000000083600000, 0x0000000083600000, 0x0000000083700000|  0%| F|  |TAMS 0x0000000083600000, 0x0000000083600000| Untracked 
|  27|0x0000000083700000, 0x000000008371c298, 0x0000000083800000| 11%| E|  |TAMS 0x0000000083700000, 0x0000000083700000| Complete 
|  85|0x0000000087100000, 0x00000000871fffe0, 0x0000000087200000| 99%| O|  |TAMS 0x0000000087100000, 0x0000000087100000| Untracked 
| 108|0x0000000088800000, 0x00000000888a7e00, 0x0000000088900000| 65%| O|  |TAMS 0x0000000088800000, 0x0000000088800000| Untracked 

Card table byte_map: [0x000001ebfc900000,0x000001ebfcd00000] _byte_map_base: 0x000001ebfc4f2000

Marking Bits (Prev, Next): (CMBitMap*) 0x000001ebfc4928e0, (CMBitMap*) 0x000001ebfc492920
 Prev Bits: [0x000001ebfd100000, 0x000001ebff090000)
 Next Bits: [0x000001eb97dc0000, 0x000001eb99d50000)

Polling page: 0x000001ebfa2c0000

Metaspace:

Usage:
  Non-class:     17.79 MB used.
      Class:      1.83 MB used.
       Both:     19.63 MB used.

Virtual space:
  Non-class space:       64.00 MB reserved,      17.94 MB ( 28%) committed,  1 nodes.
      Class space:        1.00 GB reserved,       2.00 MB ( <1%) committed,  1 nodes.
             Both:        1.06 GB reserved,      19.94 MB (  2%) committed. 

Chunk freelists:
   Non-Class:  13.53 MB
       Class:  13.92 MB
        Both:  27.45 MB

MaxMetaspaceSize: unlimited
CompressedClassSpaceSize: 1.00 GB
Initial GC threshold: 21.00 MB
Current GC threshold: 33.13 MB
CDS: on
MetaspaceReclaimPolicy: balanced
 - commit_granule_bytes: 65536.
 - commit_granule_words: 8192.
 - virtual_space_node_default_size: 8388608.
 - enlarge_chunks_in_place: 1.
 - new_chunks_are_fully_committed: 0.
 - uncommit_free_chunks: 1.
 - use_allocation_guard: 0.
 - handle_deallocations: 1.


Internal statistics:

num_allocs_failed_limit: 0.
num_arena_births: 260.
num_arena_deaths: 0.
num_vsnodes_births: 2.
num_vsnodes_deaths: 0.
num_space_committed: 319.
num_space_uncommitted: 0.
num_chunks_returned_to_freelist: 0.
num_chunks_taken_from_freelist: 836.
num_chunk_merges: 0.
num_chunk_splits: 537.
num_chunks_enlarged: 362.
num_inconsistent_stats: 0.

CodeHeap 'non-profiled nmethods': size=120000Kb used=1060Kb max_used=1060Kb free=118940Kb
 bounds [0x000001eb90890000, 0x000001eb90b00000, 0x000001eb97dc0000]
CodeHeap 'profiled nmethods': size=120000Kb used=5627Kb max_used=5627Kb free=114373Kb
 bounds [0x000001eb88dc0000, 0x000001eb89340000, 0x000001eb902f0000]
CodeHeap 'non-nmethods': size=5760Kb used=1266Kb max_used=1295Kb free=4493Kb
 bounds [0x000001eb902f0000, 0x000001eb90560000, 0x000001eb90890000]
 total_blobs=3479 nmethods=2894 adapters=497
 compilation: enabled
              stopped_count=0, restarted_count=0
 full_count=0

Compilation events (20 events):
Event: 320.490 Thread 0x000001ebff5502d0 2885       3       io.qt.core.AbstractIterator::increment (13 bytes)
Event: 320.490 Thread 0x000001ebff5502d0 nmethod 2885 0x000001eb8933c310 code [0x000001eb8933c4e0, 0x000001eb8933c8c8]
Event: 320.492 Thread 0x000001ebff5502d0 2887       3       io.qt.core.AbstractIterator$IncrementalIterator::next (51 bytes)
Event: 320.494 Thread 0x000001ebff5502d0 nmethod 2887 0x000001eb8933ca10 code [0x000001eb8933cc40, 0x000001eb8933d698]
Event: 320.563 Thread 0x000001ebff5502d0 2888  s    3       io.qt.internal.NativeUtility$NativeLink::hashCode (26 bytes)
Event: 320.563 Thread 0x000001ebff5502d0 nmethod 2888 0x000001eb8933da10 code [0x000001eb8933dba0, 0x000001eb8933dd78]
Event: 320.603 Thread 0x000001ebff5502d0 2889       3       java.util.ArrayList::fastRemove (44 bytes)
Event: 320.604 Thread 0x000001ebff5502d0 nmethod 2889 0x000001eb8933de10 code [0x000001eb8933dfc0, 0x000001eb8933e3c8]
Event: 320.667 Thread 0x000001ebff54d910 2890       4       java.util.regex.Matcher::search (154 bytes)
Event: 320.686 Thread 0x000001ebff54d910 nmethod 2890 0x000001eb90997d90 code [0x000001eb90997f20, 0x000001eb909982b8]
Event: 320.697 Thread 0x000001ebff5502d0 2891       3       sun.reflect.generics.parser.SignatureParser::init (16 bytes)
Event: 320.698 Thread 0x000001ebff5502d0 nmethod 2891 0x000001eb8933e510 code [0x000001eb8933e6a0, 0x000001eb8933e7f8]
Event: 320.700 Thread 0x000001ebff54d910 2892       4       java.util.AbstractList::<init> (10 bytes)
Event: 320.701 Thread 0x000001ebff54d910 nmethod 2892 0x000001eb90998590 code [0x000001eb90998700, 0x000001eb90998778]
Event: 320.705 Thread 0x000001ebff54d910 2893       4       java.util.regex.Pattern$GroupHead::match (47 bytes)
Event: 320.758 Thread 0x000001ebff54d910 nmethod 2893 0x000001eb90998890 code [0x000001eb90998a20, 0x000001eb90998b58]
Event: 320.759 Thread 0x000001ebff5502d0 2894       1       java.util.concurrent.locks.ReentrantReadWriteLock::readLock (5 bytes)
Event: 320.759 Thread 0x000001ebff5502d0 nmethod 2894 0x000001eb90998d10 code [0x000001eb90998ea0, 0x000001eb90998f78]
Event: 320.763 Thread 0x000001ebff5502d0 2895       3       java.util.HashMap::afterNodeRemoval (1 bytes)
Event: 320.763 Thread 0x000001ebff5502d0 nmethod 2895 0x000001eb8933e890 code [0x000001eb8933ea20, 0x000001eb8933eb38]

GC Heap History (8 events):
Event: 3.355 GC heap before
{Heap before GC invocations=0 (full 0):
 garbage-first heap   total 131072K, used 12288K [0x0000000081c00000, 0x0000000100000000)
  region size 1024K, 13 young (13312K), 0 survivors (0K)
 Metaspace       used 4837K, committed 5056K, reserved 1114112K
  class space    used 428K, committed 512K, reserved 1048576K
}
Event: 3.361 GC heap after
{Heap after GC invocations=1 (full 0):
 garbage-first heap   total 131072K, used 2069K [0x0000000081c00000, 0x0000000100000000)
  region size 1024K, 2 young (2048K), 2 survivors (2048K)
 Metaspace       used 4837K, committed 5056K, reserved 1114112K
  class space    used 428K, committed 512K, reserved 1048576K
}
Event: 32.045 GC heap before
{Heap before GC invocations=1 (full 0):
 garbage-first heap   total 131072K, used 18453K [0x0000000081c00000, 0x0000000100000000)
  region size 1024K, 19 young (19456K), 2 survivors (2048K)
 Metaspace       used 10847K, committed 11008K, reserved 1114112K
  class space    used 976K, committed 1024K, reserved 1048576K
}
Event: 32.056 GC heap after
{Heap after GC invocations=2 (full 0):
 garbage-first heap   total 131072K, used 3698K [0x0000000081c00000, 0x0000000100000000)
  region size 1024K, 2 young (2048K), 2 survivors (2048K)
 Metaspace       used 10847K, committed 11008K, reserved 1114112K
  class space    used 976K, committed 1024K, reserved 1048576K
}
Event: 320.351 GC heap before
{Heap before GC invocations=2 (full 0):
 garbage-first heap   total 131072K, used 50802K [0x0000000081c00000, 0x0000000100000000)
  region size 1024K, 49 young (50176K), 2 survivors (2048K)
 Metaspace       used 20011K, committed 20352K, reserved 1114112K
  class space    used 1868K, committed 2048K, reserved 1048576K
}
Event: 320.421 GC heap after
{Heap after GC invocations=3 (full 1):
 garbage-first heap   total 37888K, used 9326K [0x0000000081c00000, 0x0000000100000000)
  region size 1024K, 0 young (0K), 0 survivors (0K)
 Metaspace       used 20011K, committed 20352K, reserved 1114112K
  class space    used 1868K, committed 2048K, reserved 1048576K
}
Event: 320.707 GC heap before
{Heap before GC invocations=3 (full 1):
 garbage-first heap   total 37888K, used 9326K [0x0000000081c00000, 0x0000000100000000)
  region size 1024K, 1 young (1024K), 0 survivors (0K)
 Metaspace       used 20097K, committed 20416K, reserved 1114112K
  class space    used 1876K, committed 2048K, reserved 1048576K
}
Event: 320.757 GC heap after
{Heap after GC invocations=4 (full 2):
 garbage-first heap   total 30720K, used 8299K [0x0000000081c00000, 0x0000000100000000)
  region size 1024K, 0 young (0K), 0 survivors (0K)
 Metaspace       used 20097K, committed 20416K, reserved 1114112K
  class space    used 1876K, committed 2048K, reserved 1048576K
}

Dll operation events (18 events):
Event: 0.022 Loaded shared library C:\Users\its\.jdks\liberica-17.0.7\bin\java.dll
Event: 0.057 Loaded shared library C:\Users\its\.jdks\liberica-17.0.7\bin\jsvml.dll
Event: 0.252 Loaded shared library C:\Users\its\.jdks\liberica-17.0.7\bin\net.dll
Event: 0.255 Loaded shared library C:\Users\its\.jdks\liberica-17.0.7\bin\nio.dll
Event: 0.285 Loaded shared library C:\Users\its\.jdks\liberica-17.0.7\bin\zip.dll
Event: 0.611 Loaded shared library C:\Users\its\.jdks\liberica-17.0.7\bin\jimage.dll
Event: 1.075 Loaded shared library C:\Users\its\.jdks\liberica-17.0.7\bin\prefs.dll
Event: 1.456 Loaded shared library C:\Windows\System32\icuuc.dll
Event: 1.498 Loaded shared library C:\Qt\6.6.0\msvc2019_64\bin\Qt6Core.dll
Event: 2.362 Loaded shared library C:\Users\its\AppData\Local\Temp\QtJambi6.6.0_9556\bin\QtJambi6.dll
Event: 3.156 Loaded shared library C:\Users\its\AppData\Local\Temp\QtJambi6.6.0_9556\bin\QtJambiCore6.dll
Event: 3.533 Loaded shared library C:\Qt\6.6.0\msvc2019_64\bin\Qt6Gui.dll
Event: 3.859 Loaded shared library C:\Users\its\AppData\Local\Temp\QtJambi6.6.0_9556\bin\QtJambiGui6.dll
Event: 3.925 Loaded shared library C:\Qt\6.6.0\msvc2019_64\bin\Qt6Widgets.dll
Event: 4.316 Loaded shared library C:\Users\its\AppData\Local\Temp\QtJambi6.6.0_9556\bin\QtJambiWidgets6.dll
Event: 32.091 Loaded shared library C:\Users\its\.jdks\liberica-17.0.7\bin\sunmscapi.dll
Event: 72.706 Loaded shared library C:\Users\its\.jdks\liberica-17.0.7\bin\management.dll
Event: 72.712 Loaded shared library C:\Users\its\.jdks\liberica-17.0.7\bin\management_ext.dll

Deoptimization events (20 events):
Event: 132.829 Thread 0x000001ebfc436b30 Uncommon trap: trap_request=0xffffff45 fr.pc=0x000001eb9091c244 relative=0x0000000000000044
Event: 132.829 Thread 0x000001ebfc436b30 Uncommon trap: reason=unstable_if action=reinterpret pc=0x000001eb9091c244 method=jdk.internal.util.Preconditions.checkIndex(IILjava/util/function/BiFunction;)I @ 1 c2
Event: 132.829 Thread 0x000001ebfc436b30 DEOPT PACKING pc=0x000001eb9091c244 sp=0x000000c5401f9650
Event: 132.829 Thread 0x000001ebfc436b30 DEOPT UNPACKING pc=0x000001eb903469a3 sp=0x000000c5401f9600 mode 2
Event: 214.606 Thread 0x000001ebfc436b30 DEOPT PACKING pc=0x000001eb890ff2c6 sp=0x000000c5401fa6e0
Event: 214.606 Thread 0x000001ebfc436b30 DEOPT UNPACKING pc=0x000001eb90347143 sp=0x000000c5401f9c18 mode 0
Event: 241.602 Thread 0x000001ebfc436b30 DEOPT PACKING pc=0x000001eb891f40cb sp=0x000000c5401f96e0
Event: 241.602 Thread 0x000001ebfc436b30 DEOPT UNPACKING pc=0x000001eb90347143 sp=0x000000c5401f8b90 mode 0
Event: 265.815 Thread 0x000001ebfc436b30 Uncommon trap: trap_request=0xffffffcc fr.pc=0x000001eb909868ac relative=0x000000000000020c
Event: 265.815 Thread 0x000001ebfc436b30 Uncommon trap: reason=intrinsic_or_type_checked_inlining action=make_not_entrant pc=0x000001eb909868ac method=java.util.ArrayList.toArray([Ljava/lang/Object;)[Ljava/lang/Object; @ 36 c2
Event: 265.815 Thread 0x000001ebfc436b30 DEOPT PACKING pc=0x000001eb909868ac sp=0x000000c5401f8c80
Event: 265.815 Thread 0x000001ebfc436b30 DEOPT UNPACKING pc=0x000001eb903469a3 sp=0x000000c5401f8c30 mode 2
Event: 299.436 Thread 0x000001ebfc436b30 Uncommon trap: trap_request=0xffffff45 fr.pc=0x000001eb90928258 relative=0x00000000000079b8
Event: 299.436 Thread 0x000001ebfc436b30 Uncommon trap: reason=unstable_if action=reinterpret pc=0x000001eb90928258 method=jdk.internal.org.objectweb.asm.Frame.execute(IILjdk/internal/org/objectweb/asm/Symbol;Ljdk/internal/org/objectweb/asm/SymbolTable;)V @ 1 c2
Event: 299.436 Thread 0x000001ebfc436b30 DEOPT PACKING pc=0x000001eb90928258 sp=0x000000c5401f89b0
Event: 299.436 Thread 0x000001ebfc436b30 DEOPT UNPACKING pc=0x000001eb903469a3 sp=0x000000c5401f8968 mode 2
Event: 320.697 Thread 0x000001ebfc436b30 Uncommon trap: trap_request=0xffffffdc fr.pc=0x000001eb9098eaa4 relative=0x0000000000000284
Event: 320.697 Thread 0x000001ebfc436b30 Uncommon trap: reason=class_check action=make_not_entrant pc=0x000001eb9098eaa4 method=java.util.ArrayList.toArray([Ljava/lang/Object;)[Ljava/lang/Object; @ 21 c2
Event: 320.697 Thread 0x000001ebfc436b30 DEOPT PACKING pc=0x000001eb9098eaa4 sp=0x000000c5401fde10
Event: 320.697 Thread 0x000001ebfc436b30 DEOPT UNPACKING pc=0x000001eb903469a3 sp=0x000000c5401fddd0 mode 2

Classes unloaded (0 events):
No events

Classes redefined (0 events):
No events

Internal exceptions (20 events):
Event: 42.239 Thread 0x000001ebfc436b30 Exception <a 'java/lang/NoSuchMethodError'{0x0000000088db53d8}: clone> (0x0000000088db53d8) 
thrown [s\src\hotspot\share\prims\jni.cpp, line 1073]
Event: 42.391 Thread 0x000001ebfc436b30 Exception <a 'java/lang/NoSuchMethodError'{0x0000000088cf0bb0}: 'void java.lang.invoke.DirectMethodHandle$Holder.invokeVirtual(java.lang.Object, java.lang.Object)'> (0x0000000088cf0bb0) 
thrown [s\src\hotspot\share\interpreter\linkResolver.cpp, line 759]
Event: 42.657 Thread 0x000001ebfc436b30 Exception <a 'java/lang/NoSuchMethodError'{0x0000000088b91958}: 'void java.lang.invoke.Invokers$Holder.invoke_MT(java.lang.Object, java.lang.Object, java.lang.Object, java.lang.Object)'> (0x0000000088b91958) 
thrown [s\src\hotspot\share\interpreter\linkResolver.cpp, line 759]
Event: 53.761 Thread 0x000001ebfc436b30 Exception <a 'java/lang/NoSuchMethodError'{0x0000000088ad95c8}: Lapp/api/data/responses/Datasource;.<init>()V> (0x0000000088ad95c8) 
thrown [s\src\hotspot\share\prims\jni.cpp, line 1107]
Event: 53.761 Thread 0x000001ebfc436b30 Exception <a 'java/lang/NoSuchMethodError'{0x0000000088ad98c8}: clone> (0x0000000088ad98c8) 
thrown [s\src\hotspot\share\prims\jni.cpp, line 1073]
Event: 53.770 Thread 0x000001ebfc436b30 Exception <a 'java/lang/NoSuchMethodError'{0x000000008890f8d0}: Lapp/backend/entities/DataTable;.<init>()V> (0x000000008890f8d0) 
thrown [s\src\hotspot\share\prims\jni.cpp, line 1107]
Event: 53.770 Thread 0x000001ebfc436b30 Exception <a 'java/lang/NoSuchMethodError'{0x000000008890fc10}: Lapp/backend/entities/DataTable;.clone()Lapp/backend/entities/DataTable;> (0x000000008890fc10) 
thrown [s\src\hotspot\share\prims\jni.cpp, line 1107]
Event: 53.785 Thread 0x000001ebfc436b30 Implicit null exception at 0x000001eb90901c6c to 0x000001eb90901e58
Event: 54.030 Thread 0x000001ebfc436b30 Exception <a 'java/lang/NoSuchMethodError'{0x00000000884a55a8}: 'void java.lang.invoke.DirectMethodHandle$Holder.invokeVirtual(java.lang.Object, java.lang.Object, java.lang.Object, java.lang.Object)'> (0x00000000884a55a8) 
thrown [s\src\hotspot\share\interpreter\linkResolver.cpp, line 759]
Event: 54.356 Thread 0x000001ebfc436b30 Exception <a 'java/lang/NullPointerException'{0x00000000883b29c0}> (0x00000000883b29c0) 
thrown [s\src\hotspot\share\interpreter\linkResolver.cpp, line 1350]
Event: 57.847 Thread 0x000001ebfc436b30 Exception <a 'java/lang/NoSuchMethodError'{0x00000000883e36b8}: 'void java.lang.invoke.DirectMethodHandle$Holder.invokeSpecial(java.lang.Object, java.lang.Object, java.lang.Object)'> (0x00000000883e36b8) 
thrown [s\src\hotspot\share\interpreter\linkResolver.cpp, line 759]
Event: 71.376 Thread 0x000001ebfc436b30 Exception <a 'java/lang/NullPointerException'{0x0000000088119f00}> (0x0000000088119f00) 
thrown [s\src\hotspot\share\interpreter\linkResolver.cpp, line 1350]
Event: 72.569 Thread 0x000001ebfc436b30 Exception <a 'java/lang/NoSuchMethodError'{0x0000000087fd3ea8}: 'java.lang.Object java.lang.invoke.DirectMethodHandle$Holder.invokeVirtual(java.lang.Object, java.lang.Object, java.lang.Object, java.lang.Object)'> (0x0000000087fd3ea8) 
thrown [s\src\hotspot\share\interpreter\linkResolver.cpp, line 759]
Event: 72.572 Thread 0x000001ebfc436b30 Exception <a 'java/lang/NoSuchMethodError'{0x0000000087fdc4e8}: 'void java.lang.invoke.DirectMethodHandle$Holder.invokeStatic(java.lang.Object, java.lang.Object, java.lang.Object, java.lang.Object)'> (0x0000000087fdc4e8) 
thrown [s\src\hotspot\share\interpreter\linkResolver.cpp, line 759]
Event: 73.349 Thread 0x000001ebfc436b30 Exception <a 'sun/nio/fs/WindowsException'{0x0000000087a64088}> (0x0000000087a64088) 
thrown [s\src\hotspot\share\prims\jni.cpp, line 516]
Event: 128.750 Thread 0x000001ebfc436b30 Exception <a 'java/lang/NoSuchMethodError'{0x00000000878d25d0}: 'java.lang.Object java.lang.invoke.DirectMethodHandle$Holder.invokeSpecial(java.lang.Object, java.lang.Object, int, long)'> (0x00000000878d25d0) 
thrown [s\src\hotspot\share\interpreter\linkResolver.cpp, line 759]
Event: 150.251 Thread 0x000001ebfc436b30 Exception <a 'java/lang/NoSuchMethodError'{0x00000000876eb100}: 'int java.lang.invoke.DirectMethodHandle$Holder.invokeStatic(java.lang.Object, java.lang.Object, int)'> (0x00000000876eb100) 
thrown [s\src\hotspot\share\interpreter\linkResolver.cpp, line 759]
Event: 241.303 Thread 0x000001ebfc436b30 Exception <a 'sun/nio/fs/WindowsException'{0x000000008701a1d0}> (0x000000008701a1d0) 
thrown [s\src\hotspot\share\prims\jni.cpp, line 516]
Event: 265.804 Thread 0x000001ebfc436b30 Exception <a 'java/lang/NoSuchMethodError'{0x0000000086fe8470}: clone> (0x0000000086fe8470) 
thrown [s\src\hotspot\share\prims\jni.cpp, line 1073]
Event: 320.446 Thread 0x000001ebfc436b30 Exception <a 'java/lang/NoSuchMethodError'{0x0000000083b1b7e0}: 'void java.lang.invoke.Invokers$Holder.invoke_MT(java.lang.Object, java.lang.Object, java.lang.Object)'> (0x0000000083b1b7e0) 
thrown [s\src\hotspot\share\interpreter\linkResolver.cpp, line 759]

VM Operations (20 events):
Event: 275.069 Executing VM operation: Cleanup
Event: 275.070 Executing VM operation: Cleanup done
Event: 277.070 Executing VM operation: Cleanup
Event: 277.071 Executing VM operation: Cleanup done
Event: 283.074 Executing VM operation: Cleanup
Event: 283.075 Executing VM operation: Cleanup done
Event: 285.075 Executing VM operation: Cleanup
Event: 285.076 Executing VM operation: Cleanup done
Event: 290.077 Executing VM operation: Cleanup
Event: 290.078 Executing VM operation: Cleanup done
Event: 307.087 Executing VM operation: Cleanup
Event: 307.088 Executing VM operation: Cleanup done
Event: 310.088 Executing VM operation: Cleanup
Event: 310.088 Executing VM operation: Cleanup done
Event: 311.088 Executing VM operation: Cleanup
Event: 311.089 Executing VM operation: Cleanup done
Event: 320.350 Executing VM operation: G1CollectFull
Event: 320.421 Executing VM operation: G1CollectFull done
Event: 320.707 Executing VM operation: G1CollectFull
Event: 320.757 Executing VM operation: G1CollectFull done

Events (20 events):
Event: 120.974 loading class java/util/stream/MatchOps done
Event: 120.974 loading class java/util/stream/MatchOps$MatchOp
Event: 120.974 loading class java/util/stream/MatchOps$MatchOp done
Event: 120.974 loading class java/util/stream/MatchOps$BooleanTerminalSink
Event: 120.975 loading class java/util/stream/MatchOps$BooleanTerminalSink done
Event: 120.975 loading class java/util/stream/MatchOps$1MatchSink
Event: 120.975 loading class java/util/stream/MatchOps$1MatchSink done
Event: 132.379 Thread 0x000001eba09c7af0 Thread exited: 0x000001eba09c7af0
Event: 132.383 Thread 0x000001eba09c1ab0 Thread exited: 0x000001eba09c1ab0
Event: 150.253 loading class java/util/stream/ReduceOps$1
Event: 150.253 loading class java/util/stream/ReduceOps$1 done
Event: 150.253 loading class java/util/stream/ReduceOps$1ReducingSink
Event: 150.253 loading class java/util/stream/ReduceOps$1ReducingSink done
Event: 180.758 Thread 0x000001eba09c7150 Thread exited: 0x000001eba09c7150
Event: 198.287 Thread 0x000001eba09c0770 Thread added: 0x000001eba09c0770
Event: 206.615 Thread 0x000001eba09c7af0 Thread added: 0x000001eba09c7af0
Event: 223.240 Thread 0x000001eba09c62e0 Thread exited: 0x000001eba09c62e0
Event: 240.832 Thread 0x000001eba09c1110 Thread added: 0x000001eba09c1110
Event: 241.236 Thread 0x000001eba09c2df0 Thread added: 0x000001eba09c2df0
Event: 300.894 Thread 0x000001eba09c0770 Thread exited: 0x000001eba09c0770


Dynamic libraries:
0x00007ff6414f0000 - 0x00007ff6414fd000 	C:\Users\its\.jdks\liberica-17.0.7\bin\java.exe
0x00007ffa6a0e0000 - 0x00007ffa6a2d0000 	C:\Windows\SYSTEM32\ntdll.dll
0x00007ffa69e20000 - 0x00007ffa69ed2000 	C:\Windows\System32\KERNEL32.DLL
0x00007ffa67e30000 - 0x00007ffa680d5000 	C:\Windows\System32\KERNELBASE.dll
0x00007ffa670d0000 - 0x00007ffa671ca000 	C:\Windows\System32\ucrtbase.dll
0x00007ffa517a0000 - 0x00007ffa517b7000 	C:\Users\its\.jdks\liberica-17.0.7\bin\jli.dll
0x00007ffa69b20000 - 0x00007ffa69cb4000 	C:\Windows\System32\USER32.dll
0x00007ffa67050000 - 0x00007ffa67071000 	C:\Windows\System32\win32u.dll
0x00007ffa69170000 - 0x00007ffa69196000 	C:\Windows\System32\GDI32.dll
0x00007ffa67c90000 - 0x00007ffa67e26000 	C:\Windows\System32\gdi32full.dll
0x00007ffa67bf0000 - 0x00007ffa67c8e000 	C:\Windows\System32\msvcp_win.dll
0x00007ffa480a0000 - 0x00007ffa480b5000 	C:\Users\its\.jdks\liberica-17.0.7\bin\VCRUNTIME140.dll
0x00007ffa66370000 - 0x00007ffa665f4000 	C:\Windows\WinSxS\amd64_microsoft.windows.common-controls_6595b64144ccf1df_6.0.18362.1256_none_9e7e379be45e40e2\COMCTL32.dll
0x00007ffa68ee0000 - 0x00007ffa68f7e000 	C:\Windows\System32\msvcrt.dll
0x00007ffa697c0000 - 0x00007ffa69af6000 	C:\Windows\System32\combase.dll
0x00007ffa68880000 - 0x00007ffa689a0000 	C:\Windows\System32\RPCRT4.dll
0x00007ffa671d0000 - 0x00007ffa67251000 	C:\Windows\System32\bcryptPrimitives.dll
0x00007ffa69620000 - 0x00007ffa6964e000 	C:\Windows\System32\IMM32.DLL
0x00007ffa3ffb0000 - 0x00007ffa4004b000 	C:\Users\its\.jdks\liberica-17.0.7\bin\msvcp140.dll
0x00007ffa3cf70000 - 0x00007ffa3db92000 	C:\Users\its\.jdks\liberica-17.0.7\bin\server\jvm.dll
0x00007ffa68fe0000 - 0x00007ffa69083000 	C:\Windows\System32\ADVAPI32.dll
0x00007ffa69d20000 - 0x00007ffa69db7000 	C:\Windows\System32\sechost.dll
0x00007ffa57b90000 - 0x00007ffa57b99000 	C:\Windows\SYSTEM32\WSOCK32.dll
0x00007ffa69fb0000 - 0x00007ffa6a01f000 	C:\Windows\System32\WS2_32.dll
0x00007ffa63a70000 - 0x00007ffa63a94000 	C:\Windows\SYSTEM32\WINMM.dll
0x00007ffa64bc0000 - 0x00007ffa64bca000 	C:\Windows\SYSTEM32\VERSION.dll
0x00007ffa63a40000 - 0x00007ffa63a6d000 	C:\Windows\SYSTEM32\WINMMBASE.dll
0x00007ffa67080000 - 0x00007ffa670ca000 	C:\Windows\System32\cfgmgr32.dll
0x00007ffa66f90000 - 0x00007ffa66fa1000 	C:\Windows\System32\kernel.appcore.dll
0x00007ffa65160000 - 0x00007ffa6516a000 	C:\Users\its\.jdks\liberica-17.0.7\bin\jimage.dll
0x00007ffa66950000 - 0x00007ffa66b44000 	C:\Windows\SYSTEM32\DBGHELP.DLL
0x00007ffa668a0000 - 0x00007ffa668ca000 	C:\Windows\SYSTEM32\dbgcore.DLL
0x00007ffa48070000 - 0x00007ffa48095000 	C:\Users\its\.jdks\liberica-17.0.7\bin\java.dll
0x00007ffa3f730000 - 0x00007ffa3f806000 	C:\Users\its\.jdks\liberica-17.0.7\bin\jsvml.dll
0x00007ffa68190000 - 0x00007ffa68877000 	C:\Windows\System32\SHELL32.dll
0x00007ffa69710000 - 0x00007ffa697b9000 	C:\Windows\System32\shcore.dll
0x00007ffa67260000 - 0x00007ffa679e1000 	C:\Windows\System32\windows.storage.dll
0x00007ffa66fb0000 - 0x00007ffa66fd3000 	C:\Windows\System32\profapi.dll
0x00007ffa67000000 - 0x00007ffa6704a000 	C:\Windows\System32\powrprof.dll
0x00007ffa66f80000 - 0x00007ffa66f90000 	C:\Windows\System32\UMPDC.dll
0x00007ffa68f80000 - 0x00007ffa68fd2000 	C:\Windows\System32\shlwapi.dll
0x00007ffa679f0000 - 0x00007ffa67a07000 	C:\Windows\System32\cryptsp.dll
0x00007ffa48050000 - 0x00007ffa48069000 	C:\Users\its\.jdks\liberica-17.0.7\bin\net.dll
0x00007ffa58c00000 - 0x00007ffa58cf0000 	C:\Windows\SYSTEM32\WINHTTP.dll
0x00007ffa660a0000 - 0x00007ffa66107000 	C:\Windows\system32\mswsock.dll
0x00007ffa475f0000 - 0x00007ffa47605000 	C:\Users\its\.jdks\liberica-17.0.7\bin\nio.dll
0x00007ffa43e20000 - 0x00007ffa43e38000 	C:\Users\its\.jdks\liberica-17.0.7\bin\zip.dll
0x00007ffa65350000 - 0x00007ffa65359000 	C:\Users\its\.jdks\liberica-17.0.7\bin\prefs.dll
0x000001eb9be80000 - 0x000001eb9be89000 	C:\Windows\System32\icuuc.dll
0x00007ffa412e0000 - 0x00007ffa418e7000 	C:\Qt\6.6.0\msvc2019_64\bin\Qt6Core.dll
0x00007ffa68d10000 - 0x00007ffa68e67000 	C:\Windows\System32\ole32.dll
0x00007ffa69090000 - 0x00007ffa69155000 	C:\Windows\System32\OLEAUT32.dll
0x00007ffa57b60000 - 0x00007ffa57b7b000 	C:\Windows\SYSTEM32\MPR.dll
0x00007ffa66e60000 - 0x00007ffa66e85000 	C:\Windows\SYSTEM32\USERENV.dll
0x00007ffa659a0000 - 0x00007ffa659ea000 	C:\Windows\SYSTEM32\AUTHZ.dll
0x00007ffa4b4f0000 - 0x00007ffa4b507000 	C:\Windows\SYSTEM32\NETAPI32.dll
0x00007ffa64590000 - 0x00007ffa6459c000 	C:\Windows\SYSTEM32\VCRUNTIME140_1.dll
0x00007ffa65340000 - 0x00007ffa65349000 	C:\Users\its\.jdks\liberica-17.0.7\bin\MSVCP140_1.dll
0x00007ffa66220000 - 0x00007ffa6622c000 	C:\Windows\SYSTEM32\CRYPTBASE.DLL
0x00007ffa51af0000 - 0x00007ffa51b16000 	C:\Windows\SYSTEM32\SRVCLI.DLL
0x00007ffa65ed0000 - 0x00007ffa65edc000 	C:\Windows\SYSTEM32\NETUTILS.DLL
0x00007ffa40e50000 - 0x00007ffa412de000 	C:\Users\its\AppData\Local\Temp\QtJambi6.6.0_9556\bin\QtJambi6.dll
0x00007ffa36710000 - 0x00007ffa3797b000 	C:\Users\its\AppData\Local\Temp\QtJambi6.6.0_9556\bin\QtJambiCore6.dll
0x00007ffa3c6e0000 - 0x00007ffa3cf6f000 	C:\Qt\6.6.0\msvc2019_64\bin\Qt6Gui.dll
0x00007ffa631b0000 - 0x00007ffa6340b000 	C:\Windows\SYSTEM32\d3d11.dll
0x00007ffa597d0000 - 0x00007ffa59ace000 	C:\Windows\SYSTEM32\DWrite.dll
0x00007ffa655a0000 - 0x00007ffa6568b000 	C:\Windows\SYSTEM32\dxgi.dll
0x00007ffa624e0000 - 0x00007ffa62512000 	C:\Users\its\.jdks\liberica-17.0.7\bin\MSVCP140_2.dll
0x00007ffa40c70000 - 0x00007ffa40e42000 	C:\Windows\SYSTEM32\d3d12.dll
0x00007ffa65510000 - 0x00007ffa65530000 	C:\Windows\SYSTEM32\dxcore.dll
0x00007ffa406d0000 - 0x00007ffa40c62000 	C:\Users\its\AppData\Local\Temp\QtJambi6.6.0_9556\bin\QtJambiGui6.dll
0x00007ffa39480000 - 0x00007ffa39aaa000 	C:\Qt\6.6.0\msvc2019_64\bin\Qt6Widgets.dll
0x00007ffa63e70000 - 0x00007ffa63f09000 	C:\Windows\SYSTEM32\UxTheme.dll
0x00007ffa642a0000 - 0x00007ffa642cd000 	C:\Windows\SYSTEM32\dwmapi.dll
0x00007ffa35e10000 - 0x00007ffa36704000 	C:\Users\its\AppData\Local\Temp\QtJambi6.6.0_9556\bin\QtJambiWidgets6.dll
0x00007ffa5c590000 - 0x00007ffa5c66e000 	C:\Qt\6.6.0\msvc2019_64\plugins\platforms\qwindows.dll
0x00007ffa691a0000 - 0x00007ffa69610000 	C:\Windows\System32\SETUPAPI.dll
0x00007ffa67bc0000 - 0x00007ffa67be6000 	C:\Windows\System32\bcrypt.dll
0x00007ffa69ee0000 - 0x00007ffa69fb0000 	C:\Windows\System32\COMDLG32.dll
0x00007ffa64ac0000 - 0x00007ffa64ad3000 	C:\Windows\SYSTEM32\WTSAPI32.dll
0x00007ffa3de10000 - 0x00007ffa3dfd7000 	C:\Windows\SYSTEM32\d3d9.dll
0x00007ffa689a0000 - 0x00007ffa68ad5000 	C:\Windows\System32\MSCTF.dll
0x00007ffa66d70000 - 0x00007ffa66d9a000 	C:\Windows\SYSTEM32\DEVOBJ.dll
0x00007ffa69650000 - 0x00007ffa696f2000 	C:\Windows\System32\clbcatq.dll
0x00007ffa5bd30000 - 0x00007ffa5be81000 	C:\Windows\System32\Windows.UI.dll
0x00007ffa5bc90000 - 0x00007ffa5bd2e000 	C:\Windows\System32\TextInputFramework.dll
0x00007ffa5bb70000 - 0x00007ffa5bc8b000 	C:\Windows\System32\InputHost.dll
0x00007ffa61ca0000 - 0x00007ffa61fca000 	C:\Windows\System32\CoreUIComponents.dll
0x00007ffa63960000 - 0x00007ffa63a34000 	C:\Windows\System32\CoreMessaging.dll
0x00007ffa61aa0000 - 0x00007ffa61bf3000 	C:\Windows\SYSTEM32\wintypes.dll
0x00007ffa64850000 - 0x00007ffa64940000 	C:\Windows\System32\PROPSYS.dll
0x00007ffa66cd0000 - 0x00007ffa66d01000 	C:\Windows\SYSTEM32\ntmarta.dll
0x00007ffa5a130000 - 0x00007ffa5a242000 	C:\Windows\System32\Windows.UI.Immersive.dll
0x00007ffa64f20000 - 0x00007ffa64f45000 	C:\Qt\6.6.0\msvc2019_64\plugins\styles\qwindowsvistastyle.dll
0x00007ffa65330000 - 0x00007ffa6533e000 	C:\Qt\6.6.0\msvc2019_64\plugins\imageformats\qgif.dll
0x00007ffa624d0000 - 0x00007ffa624e0000 	C:\Qt\6.6.0\msvc2019_64\plugins\imageformats\qicns.dll
0x00007ffa624c0000 - 0x00007ffa624ce000 	C:\Qt\6.6.0\msvc2019_64\plugins\imageformats\qico.dll
0x00007ffa56b00000 - 0x00007ffa56b9c000 	C:\Qt\6.6.0\msvc2019_64\plugins\imageformats\qjpeg.dll
0x00007ffa624b0000 - 0x00007ffa624bd000 	C:\Qt\6.6.0\msvc2019_64\plugins\imageformats\qpdf.dll
0x00007ffa358c0000 - 0x00007ffa35e0a000 	C:\Qt\6.6.0\msvc2019_64\bin\Qt6Pdf.dll
0x00007ffa3c560000 - 0x00007ffa3c6d3000 	C:\Qt\6.6.0\msvc2019_64\bin\Qt6Network.dll
0x00007ffa65dc0000 - 0x00007ffa65dfa000 	C:\Windows\SYSTEM32\IPHLPAPI.DLL
0x00007ffa65e00000 - 0x00007ffa65ecb000 	C:\Windows\SYSTEM32\DNSAPI.dll
0x00007ffa64bd0000 - 0x00007ffa64bdc000 	C:\Windows\SYSTEM32\Secur32.dll
0x00007ffa69610000 - 0x00007ffa69618000 	C:\Windows\System32\NSI.dll
0x00007ffa66e90000 - 0x00007ffa66ec7000 	C:\Windows\SYSTEM32\SSPICLI.DLL
0x00007ffa624a0000 - 0x00007ffa624ac000 	C:\Qt\6.6.0\msvc2019_64\plugins\imageformats\qsvg.dll
0x00007ffa5f050000 - 0x00007ffa5f0af000 	C:\Qt\6.6.0\msvc2019_64\bin\Qt6Svg.dll
0x00007ffa62490000 - 0x00007ffa6249c000 	C:\Qt\6.6.0\msvc2019_64\plugins\imageformats\qtga.dll
0x00007ffa56a90000 - 0x00007ffa56afa000 	C:\Qt\6.6.0\msvc2019_64\plugins\imageformats\qtiff.dll
0x00007ffa62480000 - 0x00007ffa6248c000 	C:\Qt\6.6.0\msvc2019_64\plugins\imageformats\qwbmp.dll
0x00007ffa43fe0000 - 0x00007ffa44068000 	C:\Qt\6.6.0\msvc2019_64\plugins\imageformats\qwebp.dll
0x00007ffa49b20000 - 0x00007ffa49b5a000 	C:\Windows\system32\dataexchange.dll
0x00007ffa63410000 - 0x00007ffa635ed000 	C:\Windows\system32\dcomp.dll
0x00007ffa63f40000 - 0x00007ffa641a2000 	C:\Windows\system32\twinapi.appcore.dll
0x00007ffa64380000 - 0x00007ffa643a9000 	C:\Windows\system32\RMCLIENT.dll
0x00007ffa5a5c0000 - 0x00007ffa5a867000 	C:\Windows\System32\iertutil.dll
0x00007ffa49810000 - 0x00007ffa49a16000 	C:\Windows\system32\explorerframe.dll
0x00007ffa65360000 - 0x00007ffa6536e000 	C:\Users\its\.jdks\liberica-17.0.7\bin\sunmscapi.dll
0x00007ffa67a70000 - 0x00007ffa67bb9000 	C:\Windows\System32\CRYPT32.dll
0x00007ffa66fe0000 - 0x00007ffa66ff2000 	C:\Windows\System32\MSASN1.dll
0x00007ffa66340000 - 0x00007ffa66366000 	C:\Windows\SYSTEM32\ncrypt.dll
0x00007ffa66300000 - 0x00007ffa6633b000 	C:\Windows\SYSTEM32\NTASN1.dll
0x00007ffa65c20000 - 0x00007ffa65c53000 	C:\Windows\system32\rsaenh.dll
0x00007ffa5ce40000 - 0x00007ffa5ce56000 	C:\Windows\SYSTEM32\dhcpcsvc6.DLL
0x00007ffa5c8f0000 - 0x00007ffa5c90c000 	C:\Windows\SYSTEM32\dhcpcsvc.DLL
0x00007ffa59ad0000 - 0x00007ffa59ada000 	C:\Windows\System32\rasadhlp.dll
0x00007ffa5c240000 - 0x00007ffa5c2b7000 	C:\Windows\System32\fwpuclnt.dll

dbghelp: loaded successfully - version: 4.0.5 - missing functions: none
symbol engine: initialized successfully - sym options: 0x614 - pdb path: .;C:\Users\its\.jdks\liberica-17.0.7\bin;C:\Windows\SYSTEM32;C:\Windows\WinSxS\amd64_microsoft.windows.common-controls_6595b64144ccf1df_6.0.18362.1256_none_9e7e379be45e40e2;C:\Users\its\.jdks\liberica-17.0.7\bin\server;C:\Qt\6.6.0\msvc2019_64\bin;C:\Users\its\AppData\Local\Temp\QtJambi6.6.0_9556\bin;C:\Qt\6.6.0\msvc2019_64\plugins\platforms;C:\Qt\6.6.0\msvc2019_64\plugins\styles;C:\Qt\6.6.0\msvc2019_64\plugins\imageformats

VM Arguments:
jvm_args: -Djava.library.path=C:\Qt\6.6.0\msvc2019_64\bin -Dfile.encoding=UTF-8 -Duser.country=RU -Duser.language=ru -Duser.variant 
java_command: Main
java_class_path (initial): C:\Users\its\Desktop\DBB\dbb-client\build\classes\java\main;C:\Users\its\Desktop\DBB\dbb-client\build\resources\main;C:\Users\its\Desktop\DBB\dbb-client\libs\qtjambi-native-windows-x64-6.6.0.jar;C:\Users\its\.gradle\caches\modules-2\files-2.1\io.qtjambi\qtjambi\6.6.0\122bd017d9f98685b5632c0c0a7c677df68db02e\qtjambi-6.6.0.jar;C:\Users\its\.gradle\caches\modules-2\files-2.1\org.xerial\sqlite-jdbc\3.44.1.0\12e6182deef32d366ade664aa33bec9f4dd3ffe\sqlite-jdbc-3.44.1.0.jar;C:\Users\its\.gradle\caches\modules-2\files-2.1\org.postgresql\postgresql\42.7.3\24f3e9f7231428cd20eb4dde00dd3fce44e05464\postgresql-42.7.3.jar;C:\Users\its\.gradle\caches\modules-2\files-2.1\org.slf4j\slf4j-api\2.0.13\80229737f704b121a318bba5d5deacbcf395bc77\slf4j-api-2.0.13.jar;C:\Users\its\.gradle\caches\modules-2\files-2.1\org.apache.commons\commons-lang3\3.12.0\c6842c86792ff03b9f1d1fe2aab8dc23aa6c6f0e\commons-lang3-3.12.0.jar;C:\Users\its\.gradle\caches\modules-2\files-2.1\org.json\json\20231013\e22e0c040fe16f04ffdb85d851d77b07fc05ea52\json-20231013.jar;C:\Users\its\.gradle\caches\modules-2\files-2.1\com.squareup.retrofit2\converter-gson\2.1.0\aa557d71ead91cbf26e0c316a0f593d168303309\converter-gson-2.1.0.jar;C:\Users\its\.gradle\caches\modules-2\files-2.1\com.squareup.retrofit2\retrofit\2.1.0\2de7cd8b95b7021b1d597f049bcb422055119f2c\retrofit-2.1.0.jar;C:\Users\its\.gradle\caches\modules-2\files-2.1\org.checkerframework\checker-qual\3.42.0\638ec33f363a94d41a4f03c3e7d3dcfba64e402d\checker-qual-3.42.0.jar;C:\Users\its\.gradle\caches\modules-2\files-2.1\com.squareup.okhttp3\okhttp\3.3.0\2b802460eea20f8f2ad9c08c74e0f14718e88aa9\okhttp-3.3.0.jar;C:\Users\its\.gradle\caches\modules-2\files-2.1\com.google.code.gson\gson\2.7\751f548c85fa49f330cecbb1875893f971b33c4e\gson-2.7.jar;C:\Users\its\.gradle\caches\modules-2\files-2.1\com.squareup.okio\okio\1.8.0\5ea7af56cc7c567ed9856d99efb30740e9b17ff\okio-1.8.0.jar
Launcher Type: SUN_STANDARD

[Global flags]
     intx CICompilerCount                          = 3                                         {product} {ergonomic}
     uint ConcGCThreads                            = 1                                         {product} {ergonomic}
     uint G1ConcRefinementThreads                  = 4                                         {product} {ergonomic}
   size_t G1HeapRegionSize                         = 1048576                                   {product} {ergonomic}
    uintx GCDrainStackTargetSize                   = 64                                        {product} {ergonomic}
   size_t InitialHeapSize                          = 134217728                                 {product} {ergonomic}
   size_t MarkStackSize                            = 4194304                                   {product} {ergonomic}
   size_t MaxHeapSize                              = 2118123520                                {product} {ergonomic}
   size_t MaxNewSize                               = 1270874112                                {product} {ergonomic}
   size_t MinHeapDeltaBytes                        = 1048576                                   {product} {ergonomic}
   size_t MinHeapSize                              = 8388608                                   {product} {ergonomic}
    uintx NonNMethodCodeHeapSize                   = 5832780                                {pd product} {ergonomic}
    uintx NonProfiledCodeHeapSize                  = 122912730                              {pd product} {ergonomic}
    uintx ProfiledCodeHeapSize                     = 122912730                              {pd product} {ergonomic}
    uintx ReservedCodeCacheSize                    = 251658240                              {pd product} {ergonomic}
     bool SegmentedCodeCache                       = true                                      {product} {ergonomic}
   size_t SoftMaxHeapSize                          = 2118123520                             {manageable} {ergonomic}
     bool UseCompressedClassPointers               = true                           {product lp64_product} {ergonomic}
     bool UseCompressedOops                        = true                           {product lp64_product} {ergonomic}
     bool UseG1GC                                  = true                                      {product} {ergonomic}
     bool UseLargePagesIndividualAllocation        = false                                  {pd product} {ergonomic}

Logging:
Log output configuration:
 #0: stdout all=warning uptime,level,tags
 #1: stderr all=off uptime,level,tags

Environment Variables:
JAVA_HOME=C:\Users\its\.jdks\corretto-1.8.0_382
PATH=C:\Qt\6.6.0\msvc2019_64\bin;C:\Users\its\AppData\Local\Temp\QtJambi6.6.0_9556\bin;C:\Program Files\Common Files\Oracle\Java\javapath;C:\Program Files (x86)\Common Files\Oracle\Java\javapath;C:\Python311\Scripts\;C:\Python311\;C:\Windows\system32;C:\Windows;C:\Windows\System32\Wbem;C:\Windows\System32\WindowsPowerShell\v1.0\;C:\Windows\System32\OpenSSH\;C:\ProgramData\chocolatey\bin;C:\Program Files\Git\cmd;C:\Program Files\PuTTY\;C:\Program Files\nodejs\;C:\HaxeToolkit\haxe;C:\HaxeToolkit\neko;;C:\Program Files\Docker\Docker\resources\bin;C:\Users\its\AppData\Roaming\local\bin;C:\Users\its\AppData\Local\Microsoft\WindowsApps;C:\Users\its\AppData\Local\Programs\Microsoft VS Code\bin;C:\Users\its\AppData\Roaming\cabal\bin;C:\tools\ghc-9.2.1\bin;C:\tools\msys64;C:\Program Files\JetBrains\IntelliJ IDEA Community Edition 2022.2.1\bin;C:\Users\its\.jdks\corretto-16.0.2\bin;C:\Program Files\swipl\bin;C:\Strawberry\c\bin\spin;C:\Strawberry\c\bin\;C:\ActiveTcl\bin\;C:\Program Files\JetBrains\WebStorm 2022.3.3\bin;C:\Users\its\AppData\Roaming\npm;C:\Program Files\Java\jdk-17\bin;C:\Program Files\PostgreSQL\16\bin
USERNAME=its
OS=Windows_NT
PROCESSOR_IDENTIFIER=Intel64 Family 6 Model 58 Stepping 9, GenuineIntel
TMP=C:\Users\its\AppData\Local\Temp
TEMP=C:\Users\its\AppData\Local\Temp



---------------  S Y S T E M  ---------------

OS:
 Windows 10 , 64 bit Build 18362 (10.0.18362.1110)
OS uptime: 0 days 0:18 hours
Hyper-V role detected

CPU: total 4 (initial active 4) (2 cores per cpu, 2 threads per core) family 6 model 58 stepping 9 microcode 0x20, cx8, cmov, fxsr, ht, mmx, sse, sse2, sse3, ssse3, sse4.1, sse4.2, popcnt, tsc, tscinvbit, avx, aes, erms, clmul, vzeroupper, clflush, hv

Memory: 4k page, system-wide physical 8077M (2384M free)
TotalPageFile size 13709M (AvailPageFile size 7687M)
current process WorkingSet (physical memory assigned to process): 132M, peak: 190M
current process commit charge ("private bytes"): 156M, peak: 280M

vm_info: OpenJDK 64-Bit Server VM (17.0.7+7-LTS) for windows-amd64 JRE (17.0.7+7-LTS), built on Apr 18 2023 18:44:51 by "" with MS VC++ 15.9 (VS2017)

END.
